#
# A fatal error has been detected by the Java Runtime Environment:
#
#  SIGSEGV (0xb) at pc=0x00007f3ba3677409, pid=14279, tid=0x00007f3b593cf700
#
# JRE version: OpenJDK Runtime Environment (8.0_181-b15) (build 1.8.0_181-b15)
# Java VM: OpenJDK 64-Bit Server VM (25.181-b15 mixed mode linux-amd64 compressed oops)
# Problematic frame:
# V  [libjvm.so+0x6d2409]  jni_GetLongField+0x49
#
# Core dump written. Default location: /home/marcio/workspace/cursoJava/core or core.14279
#
# If you would like to submit a bug report, please visit:
#   http://bugreport.java.com/bugreport/crash.jsp
#

---------------  T H R E A D  ---------------

Current thread (0x00007f3b9c2ab000):  JavaThread "AWT-XAWT" daemon [_thread_in_vm, id=14308, stack(0x00007f3b592cf000,0x00007f3b593d0000)]

siginfo: si_signo: 11 (SIGSEGV), si_code: 1 (SEGV_MAPERR), si_addr: 0x0000000000000000

Registers:
RAX=0x0000000000000000, RBX=0x00007f3b9c2ab000, RCX=0x0000000000000000, RDX=0x00007f3ba4003169
RSP=0x00007f3b593ce7a0, RBP=0x00007f3b593ce7c0, RSI=0x0000000000000000, RDI=0x00007f3b9c2ab000
R8 =0x00007f3b5aee0f00, R9 =0x00000000d744fdd0, R10=0x00007f3b866c2084, R11=0x00007f3b866c2058
R12=0x00007f3b9c2ab258, R13=0x0000000000000000, R14=0x0000000000000042, R15=0x00007f3b9c2ab000
RIP=0x00007f3ba3677409, EFLAGS=0x0000000000010206, CSGSFS=0x002b000000000033, ERR=0x0000000000000004
  TRAPNO=0x000000000000000e

Top of Stack: (sp=0x00007f3b593ce7a0)
0x00007f3b593ce7a0:   00007f3b9c2ab258 0000000000000000
0x00007f3b593ce7b0:   0000000000000000 00007f3b5b627080
0x00007f3b593ce7c0:   00007f3b593ce7f0 00007f3b5b404fa4
0x00007f3b593ce7d0:   00007f3b85d4f208 0000000000000000
0x00007f3b593ce7e0:   00007f3b593ce8a0 00007f3b593ce870
0x00007f3b593ce7f0:   00007f3b24012820 00007f3b5aee904d
0x00007f3b593ce800:   00007f3b85d4f208 00007f3b593ce830
0x00007f3b593ce810:   0000000000000000 00007f3b5aee0f23
0x00007f3b593ce820:   00007f3b593ce8a0 00007f3b5b3fcf1f
0x00007f3b593ce830:   00007f3b593ce880 00007f3b866c20f6
0x00007f3b593ce840:   0000000000000000 00007f3b8665c836
0x00007f3b593ce850:   00007f3b593ce8a0 00000000d7450160
0x00007f3b593ce860:   0000000000800003 00000000d7450160
0x00007f3b593ce870:   00000000d7451050 0000000000000001
0x00007f3b593ce880:   00007f3b593ce900 00007f3b86437870
0x00007f3b593ce890:   00007f3b593ce900 00007f3b86437870
0x00007f3b593ce8a0:   0000000000000000 00007f3b86437bb0
0x00007f3b593ce8b0:   00007f3b380017f0 00000000d74b92d0
0x00007f3b593ce8c0:   00007f3b593ce8c0 00007f3b85d2c0bc
0x00007f3b593ce8d0:   00007f3b593ce948 00007f3b85d36738
0x00007f3b593ce8e0:   0000000000000000 00007f3b85d2c258
0x00007f3b593ce8f0:   00007f3b593ce8a0 00007f3b593ce940
0x00007f3b593ce900:   00007f3b593ce990 00007f3b8643809d
0x00007f3b593ce910:   0000000000000000 00000000d77a9ad0
0x00007f3b593ce920:   0000000000000000 0000000000000000
0x00007f3b593ce930:   0000000000000000 00000000d74b92d0
0x00007f3b593ce940:   0000000000000000 00000000d7490db0
0x00007f3b593ce950:   00007f3b593ce950 00007f3b85d2beed
0x00007f3b593ce960:   00007f3b593ce9a0 00007f3b85d36738
0x00007f3b593ce970:   0000000000000000 00007f3b85d2bf08
0x00007f3b593ce980:   00007f3b593ce940 00007f3b593ce9a0
0x00007f3b593ce990:   00007f3b593ce9e8 00007f3b864380e2 

Instructions: (pc=0x00007f3ba3677409)
0x00007f3ba36773e9:   83 e8 02 00 00 3d ac de 00 00 0f 85 a7 00 00 00
0x00007f3ba36773f9:   48 89 df e8 4f f3 ff ff 90 48 8d 15 60 bd 98 00
0x00007f3ba3677409:   49 8b 45 00 80 3a 00 74 7e 48 8d 15 47 d9 96 00
0x00007f3ba3677419:   8b 70 08 8b 4a 08 48 d3 e6 48 03 32 48 89 f1 48 

Register to memory mapping:

RAX=0x0000000000000000 is an unknown value
RBX=0x00007f3b9c2ab000 is a thread
RCX=0x0000000000000000 is an unknown value
RDX=0x00007f3ba4003169: <offset 0x105e169> in /usr/lib/jvm/java-1.8.0-openjdk-1.8.0.181.b15-0.fc27.x86_64/jre/lib/amd64/server/libjvm.so at 0x00007f3ba2fa5000
RSP=0x00007f3b593ce7a0 is pointing into the stack for thread: 0x00007f3b9c2ab000
RBP=0x00007f3b593ce7c0 is pointing into the stack for thread: 0x00007f3b9c2ab000
RSI=0x0000000000000000 is an unknown value
RDI=0x00007f3b9c2ab000 is a thread
R8 =0x00007f3b5aee0f00: <offset 0x61f00> in /lib64/libX11.so.6 at 0x00007f3b5ae7f000
R9 =0x00000000d744fdd0 is an oop
sun.util.logging.PlatformLogger$DefaultLoggerProxy 
 - klass: 'sun/util/logging/PlatformLogger$DefaultLoggerProxy'
R10=0x00007f3b866c2084 is at entry_point+68 in (nmethod*)0x00007f3b866c1ed0
R11=0x00007f3b866c2058 is at entry_point+24 in (nmethod*)0x00007f3b866c1ed0
R12=0x00007f3b9c2ab258 is an unknown value
R13=0x0000000000000000 is an unknown value
R14=0x0000000000000042 is an unknown value
R15=0x00007f3b9c2ab000 is a thread


Stack: [0x00007f3b592cf000,0x00007f3b593d0000],  sp=0x00007f3b593ce7a0,  free space=1021k
Native frames: (J=compiled Java code, j=interpreted, Vv=VM code, C=native code)
V  [libjvm.so+0x6d2409]  jni_GetLongField+0x49
C  [libawt_xawt.so+0x35fa4]  getX11InputMethodData+0x24
C  [libX11.so.6+0x6a04d]  _XimServerDestroy+0x3d

Java frames: (J=compiled Java code, j=interpreted, Vv=VM code)
J 643  sun.awt.X11.XlibWrapper.XFilterEvent(JJ)Z (0 bytes) @ 0x00007f3b866c2084 [0x00007f3b866c2040+0x44]
j  sun.awt.X11.XToolkit.run(Z)V+300
j  sun.awt.X11.XToolkit.run()V+5
j  java.lang.Thread.run()V+11
v  ~StubRoutines::call_stub

---------------  P R O C E S S  ---------------

Java Threads: ( => current thread )
  0x00007f3b2401b000 JavaThread "TimerQueue" daemon [_thread_blocked, id=14312, stack(0x00007f3b586a0000,0x00007f3b587a1000)]
=>0x00007f3b9c2ab000 JavaThread "AWT-XAWT" daemon [_thread_in_vm, id=14308, stack(0x00007f3b592cf000,0x00007f3b593d0000)]
  0x00007f3b9c289000 JavaThread "Java2D Disposer" daemon [_thread_blocked, id=14307, stack(0x00007f3b597e1000,0x00007f3b598e2000)]
  0x00007f3b9c149800 JavaThread "Service Thread" daemon [_thread_blocked, id=14305, stack(0x00007f3b5b9fa000,0x00007f3b5bafb000)]
  0x00007f3b9c134800 JavaThread "C1 CompilerThread2" daemon [_thread_blocked, id=14304, stack(0x00007f3b5bafc000,0x00007f3b5bbfc000)]
  0x00007f3b9c132800 JavaThread "C2 CompilerThread1" daemon [_thread_blocked, id=14303, stack(0x00007f3b5bbfd000,0x00007f3b5bcfd000)]
  0x00007f3b9c12f800 JavaThread "C2 CompilerThread0" daemon [_thread_blocked, id=14302, stack(0x00007f3b5bcfe000,0x00007f3b5bdfe000)]
  0x00007f3b60001000 JavaThread "JDWP Command Reader" daemon [_thread_in_native, id=14300, stack(0x00007f3b5bdfe000,0x00007f3b5beff000)]
  0x00007f3b9c12d800 JavaThread "JDWP Event Helper Thread" daemon [_thread_blocked, id=14299, stack(0x00007f3b5beff000,0x00007f3b5c000000)]
  0x00007f3b9c12a000 JavaThread "JDWP Transport Listener: dt_socket" daemon [_thread_blocked, id=14296, stack(0x00007f3b84071000,0x00007f3b84172000)]
  0x00007f3b9c112000 JavaThread "Signal Dispatcher" daemon [_thread_blocked, id=14294, stack(0x00007f3b84377000,0x00007f3b84478000)]
  0x00007f3b9c0e7000 JavaThread "Finalizer" daemon [_thread_blocked, id=14293, stack(0x00007f3b84478000,0x00007f3b84579000)]
  0x00007f3b9c0e2800 JavaThread "Reference Handler" daemon [_thread_blocked, id=14292, stack(0x00007f3b84579000,0x00007f3b8467a000)]
  0x00007f3b9c04f800 JavaThread "main" [_thread_blocked, id=14285, stack(0x00007f3ba4d26000,0x00007f3ba4e26000)]

Other Threads:
  0x00007f3b9c0d9000 VMThread [stack: 0x00007f3b8467b000,0x00007f3b8477b000] [id=14291]
  0x00007f3b9c14c000 WatcherThread [stack: 0x00007f3b5b8fa000,0x00007f3b5b9fa000] [id=14306]

VM state:not at safepoint (normal execution)

VM Mutex/Monitor currently owned by a thread: None

Heap:
 PSYoungGen      total 36864K, used 14615K [0x00000000d7100000, 0x00000000d9a00000, 0x0000000100000000)
  eden space 31744K, 46% used [0x00000000d7100000,0x00000000d7f45f88,0x00000000d9000000)
  from space 5120K, 0% used [0x00000000d9500000,0x00000000d9500000,0x00000000d9a00000)
  to   space 5120K, 0% used [0x00000000d9000000,0x00000000d9000000,0x00000000d9500000)
 ParOldGen       total 84992K, used 0K [0x0000000085200000, 0x000000008a500000, 0x00000000d7100000)
  object space 84992K, 0% used [0x0000000085200000,0x0000000085200000,0x000000008a500000)
 Metaspace       used 13836K, capacity 14072K, committed 14208K, reserved 1062912K
  class space    used 1487K, capacity 1552K, committed 1664K, reserved 1048576K

Card table byte_map: [0x00007f3ba0883000,0x00007f3ba0c5b000] byte_map_base: 0x00007f3ba045a000

Marking Bits: (ParMarkBitMap*) 0x00007f3ba400cb20
 Begin Bits: [0x00007f3b74290000, 0x00007f3b76148000)
 End Bits:   [0x00007f3b76148000, 0x00007f3b78000000)

Polling page: 0x00007f3ba4e4a000

CodeCache: size=245760Kb used=2679Kb max_used=2688Kb free=243080Kb
 bounds [0x00007f3b86430000, 0x00007f3b866e0000, 0x00007f3b95430000]
 total_blobs=1223 nmethods=671 adapters=475
 compilation: enabled

Compilation events (250 events):
Event: 9.666 Thread 0x00007f3b9c134800  541   !   3       java.awt.Container::getMouseEventTargetImpl (255 bytes)
Event: 9.671 Thread 0x00007f3b9c134800 nmethod 541 0x00007f3b8666df50 code [0x00007f3b8666e1c0, 0x00007f3b8666f6e8]
Event: 9.671 Thread 0x00007f3b9c134800  540       3       java.awt.Container::getMouseEventTarget (50 bytes)
Event: 9.672 Thread 0x00007f3b9c134800 nmethod 540 0x00007f3b8666ff90 code [0x00007f3b86670120, 0x00007f3b86670458]
Event: 9.672 Thread 0x00007f3b9c134800  542       3       java.awt.Component$1::isVisible (5 bytes)
Event: 9.672 Thread 0x00007f3b9c134800 nmethod 542 0x00007f3b86670550 code [0x00007f3b866706c0, 0x00007f3b866708b0]
Event: 9.757 Thread 0x00007f3b9c134800  543       3       java.awt.Rectangle::isEmpty (20 bytes)
Event: 9.757 Thread 0x00007f3b9c134800 nmethod 543 0x00007f3b86670950 code [0x00007f3b86670ac0, 0x00007f3b86670cb0]
Event: 9.757 Thread 0x00007f3b9c134800  545       3       sun.java2d.SunGraphics2D::validateColor (102 bytes)
Event: 9.760 Thread 0x00007f3b9c134800 nmethod 545 0x00007f3b86670d10 code [0x00007f3b86670ec0, 0x00007f3b866714f8]
Event: 9.760 Thread 0x00007f3b9c134800  546       3       java.lang.StrictMath::floorOrCeil (128 bytes)
Event: 9.761 Thread 0x00007f3b9c134800 nmethod 546 0x00007f3b86671690 code [0x00007f3b86671820, 0x00007f3b86671cb0]
Event: 9.761 Thread 0x00007f3b9c134800  544       1       javax.swing.JComponent::isPaintingOrigin (2 bytes)
Event: 9.761 Thread 0x00007f3b9c134800 nmethod 544 0x00007f3b86671d90 code [0x00007f3b86671ee0, 0x00007f3b86671ff0]
Event: 9.766 Thread 0x00007f3b9c134800  548   !   3       sun.awt.PostEventQueue::flush (168 bytes)
Event: 9.770 Thread 0x00007f3b9c134800 nmethod 548 0x00007f3b86672050 code [0x00007f3b866722a0, 0x00007f3b86673448]
Event: 9.771 Thread 0x00007f3b9c134800  547       3       sun.awt.SunToolkit::flushPendingEvents (19 bytes)
Event: 9.771 Thread 0x00007f3b9c134800 nmethod 547 0x00007f3b86673c90 code [0x00007f3b86673e20, 0x00007f3b86674198]
Event: 9.786 Thread 0x00007f3b9c134800  549       3       java.util.concurrent.locks.LockSupport::setBlocker (12 bytes)
Event: 9.787 Thread 0x00007f3b9c134800 nmethod 549 0x00007f3b866742d0 code [0x00007f3b86674420, 0x00007f3b86674570]
Event: 9.795 Thread 0x00007f3b9c134800  550       3       java.security.AccessControlContext::combine (205 bytes)
Event: 9.798 Thread 0x00007f3b9c134800 nmethod 550 0x00007f3b86674610 code [0x00007f3b86674800, 0x00007f3b866752d8]
Event: 9.798 Thread 0x00007f3b9c134800  551       3       java.lang.Thread::interrupted (8 bytes)
Event: 9.799 Thread 0x00007f3b9c134800 nmethod 551 0x00007f3b86675750 code [0x00007f3b866758c0, 0x00007f3b86675a48]
Event: 9.799 Thread 0x00007f3b9c134800  553       3       sun.awt.image.PixelConverter$Xrgb::rgbToPixel (2 bytes)
Event: 9.799 Thread 0x00007f3b9c134800 nmethod 553 0x00007f3b86675b10 code [0x00007f3b86675c60, 0x00007f3b86675db0]
Event: 9.799 Thread 0x00007f3b9c134800  552       1       javax.swing.JComponent::isOptimizedDrawingEnabled (2 bytes)
Event: 9.799 Thread 0x00007f3b9c134800 nmethod 552 0x00007f3b86675e10 code [0x00007f3b86675f60, 0x00007f3b86676070]
Event: 9.800 Thread 0x00007f3b9c134800  554       1       java.awt.Font::hasLayoutAttributes (5 bytes)
Event: 9.800 Thread 0x00007f3b9c134800 nmethod 554 0x00007f3b866760d0 code [0x00007f3b86676220, 0x00007f3b86676330]
Event: 9.800 Thread 0x00007f3b9c134800  555       1       sun.java2d.SurfaceData::getDefaultScale (2 bytes)
Event: 9.800 Thread 0x00007f3b9c134800 nmethod 555 0x00007f3b86676390 code [0x00007f3b866764e0, 0x00007f3b866765f0]
Event: 9.815 Thread 0x00007f3b9c134800  556       1       java.lang.reflect.Field::getDeclaringClass (5 bytes)
Event: 9.815 Thread 0x00007f3b9c134800 nmethod 556 0x00007f3b86676650 code [0x00007f3b866767a0, 0x00007f3b866768b0]
Event: 9.825 Thread 0x00007f3b9c134800  557       3       java.awt.EventQueue::eventToCacheIndex (80 bytes)
Event: 9.826 Thread 0x00007f3b9c134800 nmethod 557 0x00007f3b86676910 code [0x00007f3b86676aa0, 0x00007f3b86676f70]
Event: 9.844 Thread 0x00007f3b9c134800  558       3       sun.awt.X11.XMotionEvent::get_state (20 bytes)
Event: 9.846 Thread 0x00007f3b9c134800 nmethod 558 0x00007f3b86677050 code [0x00007f3b866771e0, 0x00007f3b86677528]
Event: 9.864 Thread 0x00007f3b9c12f800  559       4       sun.util.logging.PlatformLogger$DefaultLoggerProxy::doLog (22 bytes)
Event: 9.871 Thread 0x00007f3b9c12f800 nmethod 559 0x00007f3b8667a490 code [0x00007f3b8667a5e0, 0x00007f3b8667a7b8]
Event: 10.257 Thread 0x00007f3b9c134800  561       3       sun.awt.X11.XBaseWindow::getWindow (5 bytes)
Event: 10.257 Thread 0x00007f3b9c134800 nmethod 561 0x00007f3b86679dd0 code [0x00007f3b86679f20, 0x00007f3b8667a070]
Event: 10.280 Thread 0x00007f3b9c134800  562       3       sun.awt.X11.XPropertyEvent::get_atom (20 bytes)
Event: 10.281 Thread 0x00007f3b9c134800 nmethod 562 0x00007f3b86679690 code [0x00007f3b86679820, 0x00007f3b86679be8]
Event: 10.298 Thread 0x00007f3b9c134800  563       3       java.awt.Rectangle::setLocation (7 bytes)
Event: 10.299 Thread 0x00007f3b9c134800 nmethod 563 0x00007f3b86679250 code [0x00007f3b866793c0, 0x00007f3b866795f0]
Event: 10.299 Thread 0x00007f3b9c134800  565       3       sun.java2d.SunGraphics2D::setFont (105 bytes)
Event: 10.300 Thread 0x00007f3b9c134800 nmethod 565 0x00007f3b86678550 code [0x00007f3b86678700, 0x00007f3b86678ff8]
Event: 10.300 Thread 0x00007f3b9c134800  567       1       sun.font.FontDesignMetrics$MetricsKey::hashCode (5 bytes)
Event: 10.300 Thread 0x00007f3b9c134800 nmethod 567 0x00007f3b86678290 code [0x00007f3b866783e0, 0x00007f3b866784f0]
Event: 10.300 Thread 0x00007f3b9c134800  564       3       java.awt.Rectangle::move (11 bytes)
Event: 10.300 Thread 0x00007f3b9c134800 nmethod 564 0x00007f3b86677f90 code [0x00007f3b866780e0, 0x00007f3b86678230]
Event: 10.300 Thread 0x00007f3b9c134800  566       1       java.awt.Component::getComponentOrientation (5 bytes)
Event: 10.300 Thread 0x00007f3b9c134800 nmethod 566 0x00007f3b86677cd0 code [0x00007f3b86677e20, 0x00007f3b86677f30]
Event: 10.300 Thread 0x00007f3b9c134800  568       1       sun.awt.image.VolatileSurfaceManager::getPrimarySurfaceData (5 bytes)
Event: 10.301 Thread 0x00007f3b9c134800 nmethod 568 0x00007f3b86677a10 code [0x00007f3b86677b60, 0x00007f3b86677c70]
Event: 10.316 Thread 0x00007f3b9c134800  569  s    3       java.awt.KeyboardFocusManager::getCurrentKeyboardFocusManager (32 bytes)
Event: 10.317 Thread 0x00007f3b9c134800 nmethod 569 0x00007f3b8667a9d0 code [0x00007f3b8667ab80, 0x00007f3b8667b168]
Event: 10.334 Thread 0x00007f3b9c134800  570       3       java.awt.KeyboardFocusManager::getCurrentKeyboardFocusManager (7 bytes)
Event: 10.336 Thread 0x00007f3b9c134800 nmethod 570 0x00007f3b8667b310 code [0x00007f3b8667b4e0, 0x00007f3b8667bb98]
Event: 10.511 Thread 0x00007f3b9c134800  571       3       java.security.AccessControlContext::calculateFields (89 bytes)
Event: 10.512 Thread 0x00007f3b9c134800 nmethod 571 0x00007f3b8667be50 code [0x00007f3b8667bfe0, 0x00007f3b8667c398]
Event: 10.602 Thread 0x00007f3b9c134800  572       3       sun.awt.X11.XAtom::getAtom (5 bytes)
Event: 10.602 Thread 0x00007f3b9c134800 nmethod 572 0x00007f3b866776d0 code [0x00007f3b86677820, 0x00007f3b86677970]
Event: 10.738 Thread 0x00007f3b9c132800  573       4       sun.util.logging.PlatformLogger::finest (12 bytes)
Event: 10.739 Thread 0x00007f3b9c134800  574       3       java.awt.Container::getChildAt (54 bytes)
Event: 10.741 Thread 0x00007f3b9c134800 nmethod 574 0x00007f3b8667c4d0 code [0x00007f3b8667c680, 0x00007f3b8667ccb8]
Event: 10.741 Thread 0x00007f3b9c134800  575       1       java.awt.EventQueue::access$400 (5 bytes)
Event: 10.742 Thread 0x00007f3b9c134800 nmethod 575 0x00007f3b8667ce10 code [0x00007f3b8667cf60, 0x00007f3b8667d050]
Event: 10.742 Thread 0x00007f3b9c134800  576  s    1       java.awt.EventDispatchThread::getEventQueue (5 bytes)
Event: 10.742 Thread 0x00007f3b9c134800 nmethod 576 0x00007f3b8667d0d0 code [0x00007f3b8667d220, 0x00007f3b8667d490]
Event: 10.746 Thread 0x00007f3b9c132800 nmethod 573 0x00007f3b86680310 code [0x00007f3b86680480, 0x00007f3b86680658]
Event: 10.768 Thread 0x00007f3b9c134800  577       3       java.util.concurrent.locks.AbstractQueuedSynchronizer::isOnSyncQueue (33 bytes)
Event: 10.769 Thread 0x00007f3b9c134800 nmethod 577 0x00007f3b8667fc90 code [0x00007f3b8667fe20, 0x00007f3b866801b0]
Event: 10.778 Thread 0x00007f3b9c134800  578       3       java.awt.Component$1::isDisplayable (13 bytes)
Event: 10.779 Thread 0x00007f3b9c134800 nmethod 578 0x00007f3b8667f8d0 code [0x00007f3b8667fa40, 0x00007f3b8667fbf0]
Event: 10.779 Thread 0x00007f3b9c134800  579       3       java.awt.Component$1::isLightweight (8 bytes)
Event: 10.780 Thread 0x00007f3b9c134800 nmethod 579 0x00007f3b8667f450 code [0x00007f3b8667f5c0, 0x00007f3b8667f830]
Event: 10.788 Thread 0x00007f3b9c134800  580   !   3       sun.awt.X11.XAwtState::getGrabWindow (67 bytes)
Event: 10.791 Thread 0x00007f3b9c134800 nmethod 580 0x00007f3b8667e050 code [0x00007f3b8667e260, 0x00007f3b8667ef58]
Event: 10.800 Thread 0x00007f3b9c134800  581       3       java.awt.font.FontRenderContext::equals (127 bytes)
Event: 10.805 Thread 0x00007f3b9c134800 nmethod 581 0x00007f3b866808d0 code [0x00007f3b86680b80, 0x00007f3b86681e98]
Event: 10.805 Thread 0x00007f3b9c134800  582       3       sun.java2d.SunGraphics2D::getCompClip (19 bytes)
Event: 10.806 Thread 0x00007f3b9c134800 nmethod 582 0x00007f3b8667db90 code [0x00007f3b8667dd00, 0x00007f3b8667df88]
Event: 10.807 Thread 0x00007f3b9c134800  583       1       sun.awt.X11.XBaseWindow::isEventDisabled (2 bytes)
Event: 10.807 Thread 0x00007f3b9c134800 nmethod 583 0x00007f3b8667d8d0 code [0x00007f3b8667da20, 0x00007f3b8667db30]
Event: 10.818 Thread 0x00007f3b9c134800  584       3       java.awt.Container$MouseEventTargetFilter::accept (66 bytes)
Event: 10.819 Thread 0x00007f3b9c134800 nmethod 584 0x00007f3b86682410 code [0x00007f3b86682580, 0x00007f3b866828b0]
Event: 10.828 Thread 0x00007f3b9c134800  585       3       java.security.ProtectionDomain$JavaSecurityAccessImpl::doIntersectionPrivilege (22 bytes)
Event: 10.830 Thread 0x00007f3b9c134800 nmethod 585 0x00007f3b86682950 code [0x00007f3b86682b20, 0x00007f3b866831f8]
Event: 10.830 Thread 0x00007f3b9c134800  586       3       java.security.ProtectionDomain$JavaSecurityAccessImpl::getCombinedACC (30 bytes)
Event: 10.831 Thread 0x00007f3b9c134800 nmethod 586 0x00007f3b86683550 code [0x00007f3b866836e0, 0x00007f3b86683bf8]
Event: 10.837 Thread 0x00007f3b9c134800  587       3       java.util.concurrent.locks.ReentrantLock$Sync::isHeldExclusively (16 bytes)
Event: 10.838 Thread 0x00007f3b9c134800 nmethod 587 0x00007f3b86683dd0 code [0x00007f3b86683f40, 0x00007f3b86684190]
Event: 10.838 Thread 0x00007f3b9c134800  588       3       java.awt.Component::getInputContext (16 bytes)
Event: 10.839 Thread 0x00007f3b9c134800 nmethod 588 0x00007f3b86684210 code [0x00007f3b86684380, 0x00007f3b86684608]
Event: 10.858 Thread 0x00007f3b9c134800  589       3       java.util.IdentityHashMap::isEmpty (13 bytes)
Event: 10.859 Thread 0x00007f3b9c134800 nmethod 589 0x00007f3b8667d510 code [0x00007f3b8667d680, 0x00007f3b8667d830]
Event: 10.868 Thread 0x00007f3b9c134800  590       1       java.awt.WaitDispatchSupport::access$100 (5 bytes)
Event: 10.868 Thread 0x00007f3b9c134800 nmethod 590 0x00007f3b866846d0 code [0x00007f3b86684820, 0x00007f3b86684910]
Event: 10.877 Thread 0x00007f3b9c134800  591       3       java.awt.event.InputEvent::getModifiers (8 bytes)
Event: 10.878 Thread 0x00007f3b9c134800 nmethod 591 0x00007f3b86684990 code [0x00007f3b86684ae0, 0x00007f3b86684c30]
Event: 10.888 Thread 0x00007f3b9c134800  592       3       java.awt.geom.Point2D::<init> (5 bytes)
Event: 10.888 Thread 0x00007f3b9c134800 nmethod 592 0x00007f3b86684c90 code [0x00007f3b86684e00, 0x00007f3b86684fb0]
Event: 10.907 Thread 0x00007f3b9c134800  593       3       sun.awt.EventQueueItem::<init> (10 bytes)
Event: 10.908 Thread 0x00007f3b9c134800 nmethod 593 0x00007f3b86685050 code [0x00007f3b866851c0, 0x00007f3b86685390]
Event: 10.937 Thread 0x00007f3b9c134800  594   !   3       sun.awt.X11.XToolkit::getNextTaskTime (55 bytes)
Event: 10.940 Thread 0x00007f3b9c134800 nmethod 594 0x00007f3b866857d0 code [0x00007f3b86685a00, 0x00007f3b86686778]
Event: 10.947 Thread 0x00007f3b9c134800  596       3       java.awt.EventQueue::getNextEventPrivate (76 bytes)
Event: 10.949 Thread 0x00007f3b9c134800 nmethod 596 0x00007f3b86686d50 code [0x00007f3b86686ee0, 0x00007f3b86687228]
Event: 10.957 Thread 0x00007f3b9c134800  597       3       java.util.concurrent.locks.AbstractQueuedSynchronizer$ConditionObject::signalAll (33 bytes)
Event: 10.958 Thread 0x00007f3b9c134800 nmethod 597 0x00007f3b866873d0 code [0x00007f3b86687580, 0x00007f3b86687908]
Event: 10.986 Thread 0x00007f3b9c134800  598       3       sun.awt.AWTAutoShutdown::isReadyToShutdown (37 bytes)
Event: 10.988 Thread 0x00007f3b9c134800 nmethod 598 0x00007f3b86687a50 code [0x00007f3b86687be0, 0x00007f3b86687f98]
Event: 11.006 Thread 0x00007f3b9c134800  599       3       java.awt.Point::<init> (15 bytes)
Event: 11.007 Thread 0x00007f3b9c134800 nmethod 599 0x00007f3b86688090 code [0x00007f3b86688200, 0x00007f3b86688410]
Event: 11.027 Thread 0x00007f3b9c134800  600       3       sun.java2d.pipe.Region::isInsideXYXY (39 bytes)
Event: 11.028 Thread 0x00007f3b9c134800 nmethod 600 0x00007f3b86688510 code [0x00007f3b86688680, 0x00007f3b866888f0]
Event: 11.029 Thread 0x00007f3b9c134800  601       3       sun.java2d.StateTrackableDelegate::markDirty (6 bytes)
Event: 11.029 Thread 0x00007f3b9c134800 nmethod 601 0x00007f3b86688990 code [0x00007f3b86688ae0, 0x00007f3b86688c50]
Event: 11.029 Thread 0x00007f3b9c134800  602       3       sun.java2d.xr.GrowableRectArray::pushRectValues (72 bytes)
Event: 11.030 Thread 0x00007f3b9c134800 nmethod 602 0x00007f3b86688cd0 code [0x00007f3b86688e40, 0x00007f3b86689168]
Event: 11.036 Thread 0x00007f3b9c134800  603       3       java.awt.event.MouseEvent::getModifiersEx (29 bytes)
Event: 11.037 Thread 0x00007f3b9c134800 nmethod 603 0x00007f3b86689350 code [0x00007f3b866894c0, 0x00007f3b86689728]
Event: 11.066 Thread 0x00007f3b9c134800  604       1       java.awt.event.MouseEvent::getX (5 bytes)
Event: 11.066 Thread 0x00007f3b9c134800 nmethod 604 0x00007f3b866897d0 code [0x00007f3b86689920, 0x00007f3b86689a30]
Event: 11.066 Thread 0x00007f3b9c134800  605       1       java.awt.event.MouseEvent::getY (5 bytes)
Event: 11.067 Thread 0x00007f3b9c134800 nmethod 605 0x00007f3b86689a90 code [0x00007f3b86689be0, 0x00007f3b86689cf0]
Event: 11.076 Thread 0x00007f3b9c134800  606       3       java.awt.AWTEvent::<init> (81 bytes)
Event: 11.078 Thread 0x00007f3b9c134800 nmethod 606 0x00007f3b86689d50 code [0x00007f3b86689f20, 0x00007f3b8668a588]
Event: 11.146 Thread 0x00007f3b9c134800  607       3       java.awt.GraphicsEnvironment::isHeadless (4 bytes)
Event: 11.147 Thread 0x00007f3b9c134800 nmethod 607 0x00007f3b8668a8d0 code [0x00007f3b8668aa80, 0x00007f3b8668afa8]
Event: 11.147 Thread 0x00007f3b9c134800  608       3       java.awt.GraphicsEnvironment::getHeadlessProperty (22 bytes)
Event: 11.149 Thread 0x00007f3b9c134800 nmethod 608 0x00007f3b8668b110 code [0x00007f3b8668b2a0, 0x00007f3b8668b768]
Event: 11.194 Thread 0x00007f3b9c134800  609       3       sun.awt.X11.XBaseWindow::awtLock (4 bytes)
Event: 11.196 Thread 0x00007f3b9c134800 nmethod 609 0x00007f3b8668b890 code [0x00007f3b8668ba20, 0x00007f3b8668bd88]
Event: 11.196 Thread 0x00007f3b9c134800  610       3       sun.awt.X11.XBaseWindow::awtUnlock (4 bytes)
Event: 11.197 Thread 0x00007f3b9c134800 nmethod 610 0x00007f3b8668bf10 code [0x00007f3b8668c0a0, 0x00007f3b8668c408]
Event: 11.197 Thread 0x00007f3b9c134800  611       1       java.awt.Component::isCoalescingEnabled (5 bytes)
Event: 11.197 Thread 0x00007f3b9c134800 nmethod 611 0x00007f3b8668c590 code [0x00007f3b8668c6e0, 0x00007f3b8668c7f0]
Event: 11.301 Thread 0x00007f3b9c134800  612       1       sun.java2d.xr.GrowableIntArray::getArray (5 bytes)
Event: 11.302 Thread 0x00007f3b9c134800 nmethod 612 0x00007f3b8668c850 code [0x00007f3b8668c9a0, 0x00007f3b8668cab0]
Event: 11.322 Thread 0x00007f3b9c134800  613       3       java.awt.geom.AffineTransform::getScaleX (5 bytes)
Event: 11.323 Thread 0x00007f3b9c134800 nmethod 613 0x00007f3b8668cb10 code [0x00007f3b8668cc60, 0x00007f3b8668cdb0]
Event: 11.323 Thread 0x00007f3b9c134800  614       3       java.awt.geom.AffineTransform::getScaleY (5 bytes)
Event: 11.323 Thread 0x00007f3b9c134800 nmethod 614 0x00007f3b8668ce10 code [0x00007f3b8668cf60, 0x00007f3b8668d0b0]
Event: 11.323 Thread 0x00007f3b9c134800  615       3       sun.awt.SunToolkit::isInstanceOf (21 bytes)
Event: 11.324 Thread 0x00007f3b9c134800 nmethod 615 0x00007f3b8668d110 code [0x00007f3b8668d280, 0x00007f3b8668d528]
Event: 11.334 Thread 0x00007f3b9c134800  616       3       sun.java2d.SunGraphics2D::constrain (11 bytes)
Event: 11.335 Thread 0x00007f3b9c134800 nmethod 616 0x00007f3b8668d610 code [0x00007f3b8668d780, 0x00007f3b8668d9c8]
Event: 11.335 Thread 0x00007f3b9c134800  617       3       sun.java2d.SunGraphics2D::constrain (216 bytes)
Event: 11.342 Thread 0x00007f3b9c134800 nmethod 617 0x00007f3b8668da90 code [0x00007f3b8668dd40, 0x00007f3b8668f0c8]
Event: 11.342 Thread 0x00007f3b9c134800  618       3       javax.swing.text.GapContent::length (17 bytes)
Event: 11.343 Thread 0x00007f3b9c134800 nmethod 618 0x00007f3b8668fbd0 code [0x00007f3b8668fd40, 0x00007f3b866901b0]
Event: 11.343 Thread 0x00007f3b9c134800  619       3       javax.swing.text.GapContent::getArrayLength (14 bytes)
Event: 11.343 Thread 0x00007f3b9c134800 nmethod 619 0x00007f3b866902d0 code [0x00007f3b86690440, 0x00007f3b86690710]
Event: 11.366 Thread 0x00007f3b9c134800  620       3       sun.awt.X11.XKeyboardFocusManagerPeer::getInstance (4 bytes)
Event: 11.366 Thread 0x00007f3b9c134800 nmethod 620 0x00007f3b866907d0 code [0x00007f3b86690920, 0x00007f3b86690a50]
Event: 11.368 Thread 0x00007f3b9c134800  622       3       sun.awt.X11.XDropTargetEventProcessor::processEvent (18 bytes)
Event: 11.369 Thread 0x00007f3b9c134800 nmethod 622 0x00007f3b86690e50 code [0x00007f3b86690fc0, 0x00007f3b866911a8]
Event: 11.369 Thread 0x00007f3b9c134800  623   !   3       sun.awt.X11.XDragSourceContextPeer::processEvent (34 bytes)
Event: 11.370 Thread 0x00007f3b9c134800 nmethod 623 0x00007f3b86691250 code [0x00007f3b86691460, 0x00007f3b86691ef8]
Event: 11.370 Thread 0x00007f3b9c134800  624       3       java.lang.reflect.Field::getFieldAccessor (35 bytes)
Event: 11.371 Thread 0x00007f3b9c134800 nmethod 624 0x00007f3b86692390 code [0x00007f3b86692500, 0x00007f3b86692748]
Event: 11.377 Thread 0x00007f3b9c12f800  625       4       java.lang.String::equals (81 bytes)
Event: 11.382 Thread 0x00007f3b9c134800  626   !   3       sun.awt.X11.XKeyboardFocusManagerPeer::getCurrentFocusOwner (16 bytes)
Event: 11.383 Thread 0x00007f3b9c134800 nmethod 626 0x00007f3b866927d0 code [0x00007f3b86692940, 0x00007f3b86692c30]
Event: 11.385 Thread 0x00007f3b9c12f800 nmethod 625 0x00007f3b86695c10 code [0x00007f3b86695d60, 0x00007f3b86696038]
Event: 11.417 Thread 0x00007f3b9c134800  627   !   3       sun.awt.X11.XToolkit::dispatchEvent (181 bytes)
Event: 11.419 Thread 0x00007f3b9c134800 nmethod 627 0x00007f3b86696190 code [0x00007f3b86696620, 0x00007f3b86698d18]
Event: 11.419 Thread 0x00007f3b9c134800  628       3       sun.awt.X11.XBaseWindow::dispatchToWindow (44 bytes)
Event: 11.420 Thread 0x00007f3b9c134800 nmethod 628 0x00007f3b86693f50 code [0x00007f3b866941e0, 0x00007f3b866952a8]
Event: 11.420 Thread 0x00007f3b9c134800  629   !   3       sun.awt.X11.XToolkit::notifyListeners (100 bytes)
Event: 11.421 Thread 0x00007f3b9c134800 nmethod 629 0x00007f3b8669a4d0 code [0x00007f3b8669a7a0, 0x00007f3b8669ba58]
Event: 11.438 Thread 0x00007f3b9c134800  630       3       sun.awt.SunToolkit::getSystemEventQueueImplPP (13 bytes)
Event: 11.438 Thread 0x00007f3b9c134800 nmethod 630 0x00007f3b86693a10 code [0x00007f3b86693b80, 0x00007f3b86693e68]
Event: 54.111 Thread 0x00007f3b9c134800  631       3       sun.awt.X11.XDropTargetEventProcessor::doProcessEvent (221 bytes)
Event: 54.114 Thread 0x00007f3b9c134800 nmethod 631 0x00007f3b8669c890 code [0x00007f3b8669ce00, 0x00007f3b866a02b8]
Event: 54.114 Thread 0x00007f3b9c134800  632   !   3       sun.awt.X11.XDragSourceContextPeer::doProcessEvent (690 bytes)
Event: 54.133 Thread 0x00007f3b9c134800 nmethod 632 0x00007f3b866a2190 code [0x00007f3b866a36c0, 0x00007f3b866b18c8]
Event: 54.133 Thread 0x00007f3b9c134800  633       3       sun.awt.X11.XDragSourceContextPeer::processProxyModeEvent (120 bytes)
Event: 54.135 Thread 0x00007f3b9c134800 nmethod 633 0x00007f3b866bcdd0 code [0x00007f3b866bd1a0, 0x00007f3b866bf268]
Event: 54.135 Thread 0x00007f3b9c134800  634       3       sun.awt.X11.XDragSourceContextPeer::getProxyModeSourceWindow (5 bytes)
Event: 54.135 Thread 0x00007f3b9c134800 nmethod 634 0x00007f3b86693710 code [0x00007f3b86693860, 0x00007f3b866939b0]
Event: 54.135 Thread 0x00007f3b9c134800  635       3       sun.awt.X11.XEvent::getPData (5 bytes)
Event: 54.135 Thread 0x00007f3b9c134800 nmethod 635 0x00007f3b86693410 code [0x00007f3b86693560, 0x00007f3b866936b0]
Event: 54.184 Thread 0x00007f3b9c134800  636       3       java.util.Vector$Itr::hasNext (20 bytes)
Event: 54.184 Thread 0x00007f3b9c134800 nmethod 636 0x00007f3b86693050 code [0x00007f3b866931c0, 0x00007f3b86693370]
Event: 54.195 Thread 0x00007f3b9c134800  637       3       java.util.Arrays::copyOf (13 bytes)
Event: 54.195 Thread 0x00007f3b9c134800 nmethod 637 0x00007f3b866c0350 code [0x00007f3b866c04c0, 0x00007f3b866c06e8]
Event: 54.372 Thread 0x00007f3b9c12f800  638       4       java.util.concurrent.locks.AbstractQueuedSynchronizer::release (33 bytes)
Event: 54.374 Thread 0x00007f3b9c12f800 nmethod 638 0x00007f3b866c34d0 code [0x00007f3b866c3620, 0x00007f3b866c3728]
Event: 54.381 Thread 0x00007f3b9c134800  639   !   3       java.util.Vector$Itr::next (63 bytes)
Event: 54.381 Thread 0x00007f3b9c134800 nmethod 639 0x00007f3b866c2710 code [0x00007f3b866c28e0, 0x00007f3b866c2f98]
Event: 54.381 Thread 0x00007f3b9c134800  640       3       java.util.Vector$Itr::checkForComodification (23 bytes)
Event: 54.382 Thread 0x00007f3b9c134800 nmethod 640 0x00007f3b866c2250 code [0x00007f3b866c23e0, 0x00007f3b866c2608]
Event: 54.384 Thread 0x00007f3b9c134800  641       3       java.lang.Long::longValue (5 bytes)
Event: 54.384 Thread 0x00007f3b9c134800 nmethod 641 0x00007f3b86692d10 code [0x00007f3b86692e60, 0x00007f3b86692fb0]
Event: 54.507 Thread 0x00007f3b9c132800  642       4       java.util.concurrent.locks.ReentrantLock$NonfairSync::lock (25 bytes)
Event: 54.509 Thread 0x00007f3b9c132800 nmethod 642 0x00007f3b866c07d0 code [0x00007f3b866c0940, 0x00007f3b866c0ae8]
Event: 67.361 Thread 0x00007f3b9c134800  644       3       java.lang.Long::equals (30 bytes)
Event: 67.361 Thread 0x00007f3b9c134800 nmethod 644 0x00007f3b866c1790 code [0x00007f3b866c1920, 0x00007f3b866c1dd0]
Event: 67.489 Thread 0x00007f3b9c12f800  645       4       sun.util.logging.PlatformLogger::isLoggable (38 bytes)
Event: 67.490 Thread 0x00007f3b9c12f800 nmethod 645 0x00007f3b866c11d0 code [0x00007f3b866c1340, 0x00007f3b866c1558]
Event: 67.709 Thread 0x00007f3b9c134800  646  s    3       java.util.Vector::iterator (10 bytes)
Event: 67.709 Thread 0x00007f3b9c134800 nmethod 646 0x00007f3b866c6250 code [0x00007f3b866c63e0, 0x00007f3b866c6850]
Event: 67.709 Thread 0x00007f3b9c134800  647       3       java.util.Vector$Itr::<init> (6 bytes)
Event: 67.709 Thread 0x00007f3b9c134800 nmethod 647 0x00007f3b866c5d90 code [0x00007f3b866c5f00, 0x00007f3b866c6130]
Event: 67.744 Thread 0x00007f3b9c134800  648  s    3       java.util.Vector::toArray (12 bytes)
Event: 67.744 Thread 0x00007f3b9c134800 nmethod 648 0x00007f3b866c56d0 code [0x00007f3b866c5840, 0x00007f3b866c5c48]
Event: 67.744 Thread 0x00007f3b9c134800  649   !   3       sun.awt.X11.XToolkit$1::dispatchEvent (34 bytes)
Event: 67.745 Thread 0x00007f3b9c134800 nmethod 649 0x00007f3b866c3f10 code [0x00007f3b866c4160, 0x00007f3b866c4f98]
Event: 67.805 Thread 0x00007f3b9c134800  650       3       java.util.Vector::<init> (53 bytes)
Event: 67.805 Thread 0x00007f3b9c134800 nmethod 650 0x00007f3b866c6a10 code [0x00007f3b866c6bc0, 0x00007f3b866c7078]
Event: 194.280 Thread 0x00007f3b9c134800  651       3       sun.awt.X11.XMSelection$1::dispatchEvent (10 bytes)
Event: 194.281 Thread 0x00007f3b9c134800 nmethod 651 0x00007f3b866c7250 code [0x00007f3b866c7400, 0x00007f3b866c7858]
Event: 194.281 Thread 0x00007f3b9c134800  652       3       sun.awt.X11.XMSelection::processRootEvent (32 bytes)
Event: 194.281 Thread 0x00007f3b9c134800 nmethod 652 0x00007f3b866c7b90 code [0x00007f3b866c7d40, 0x00007f3b866c8118]
Event: 442.637 Thread 0x00007f3b9c12f800  653       4       sun.awt.X11.XToolkit::getDisplay (20 bytes)
Event: 442.638 Thread 0x00007f3b9c12f800 nmethod 653 0x00007f3b866c0fd0 code [0x00007f3b866c1100, 0x00007f3b866c1158]
Event: 522.194 Thread 0x00007f3b9c132800  654       4       sun.awt.SunToolkit::awtLock (7 bytes)
Event: 522.205 Thread 0x00007f3b9c132800 nmethod 654 0x00007f3b866c3850 code [0x00007f3b866c39c0, 0x00007f3b866c3b88]
Event: 525.197 Thread 0x00007f3b9c12f800  655       4       sun.awt.SunToolkit::awtUnlock (7 bytes)
Event: 525.201 Thread 0x00007f3b9c12f800 nmethod 655 0x00007f3b866c9790 code [0x00007f3b866c98e0, 0x00007f3b866c99e8]
Event: 1248.003 Thread 0x00007f3b9c132800  656       4       java.util.HashMap::getNode (148 bytes)
Event: 1248.006 Thread 0x00007f3b9c132800 nmethod 656 0x00007f3b866c9150 code [0x00007f3b866c92c0, 0x00007f3b866c9598]
Event: 1344.649 Thread 0x00007f3b9c134800  657       1       sun.awt.X11.Native::getByte (8 bytes)
Event: 1344.649 Thread 0x00007f3b9c134800 nmethod 657 0x00007f3b866c8e50 code [0x00007f3b866c8fa0, 0x00007f3b866c90b0]
Event: 1344.649 Thread 0x00007f3b9c134800  658       3       sun.awt.XSettings$Update::needBytes (65 bytes)
Event: 1344.650 Thread 0x00007f3b9c134800 nmethod 658 0x00007f3b866ccdd0 code [0x00007f3b866cd020, 0x00007f3b866cdcd8]
Event: 1349.162 Thread 0x00007f3b9c134800  660       3       sun.awt.XSettings$Update::getINT32 (175 bytes)
Event: 1349.162 Thread 0x00007f3b9c134800 nmethod 660 0x00007f3b866c8390 code [0x00007f3b866c8520, 0x00007f3b866c8888]
Event: 1389.778 Thread 0x00007f3b9c12f800  662       4       java.lang.Long::valueOf (40 bytes)
Event: 1389.779 Thread 0x00007f3b9c12f800 nmethod 662 0x00007f3b866ce290 code [0x00007f3b866ce3e0, 0x00007f3b866ce518]
Event: 1736.567 Thread 0x00007f3b9c132800  663   !   4       sun.awt.X11.XToolkit::callTimeoutTasks (220 bytes)
Event: 1736.574 Thread 0x00007f3b9c132800 nmethod 663 0x00007f3b866ce610 code [0x00007f3b866ce780, 0x00007f3b866ce938]
Event: 2198.780 Thread 0x00007f3b9c12f800  664   !   4       sun.awt.X11.XToolkit::getNextTaskTime (55 bytes)
Event: 2198.788 Thread 0x00007f3b9c12f800 nmethod 664 0x00007f3b866cabd0 code [0x00007f3b866cad60, 0x00007f3b866cb090]
Event: 3637.254 Thread 0x00007f3b9c132800  665       4       java.lang.Long::compareTo (9 bytes)
Event: 3637.255 Thread 0x00007f3b9c132800 nmethod 665 0x00007f3b866ca910 code [0x00007f3b866caa60, 0x00007f3b866cab18]
Event: 4343.268 Thread 0x00007f3b9c132800  666       4       java.util.HashMap::get (23 bytes)
Event: 4343.272 Thread 0x00007f3b9c132800 nmethod 666 0x00007f3b866ca150 code [0x00007f3b866ca2c0, 0x00007f3b866ca618]
Event: 5129.697 Thread 0x00007f3b9c12f800  667       4       sun.awt.X11.XAnyEvent::get_window (20 bytes)
Event: 5129.700 Thread 0x00007f3b9c12f800 nmethod 667 0x00007f3b866d0050 code [0x00007f3b866d01c0, 0x00007f3b866d0438]
Event: 5458.317 Thread 0x00007f3b9c134800  668       1       sun.awt.X11.XEvent::getPData (5 bytes)
Event: 5458.317 Thread 0x00007f3b9c134800 nmethod 668 0x00007f3b866c9e90 code [0x00007f3b866c9fe0, 0x00007f3b866ca0f0]
Event: 5900.128 Thread 0x00007f3b9c134800  669       3       sun.awt.XSettings$Update::getCARD8 (31 bytes)
Event: 5900.128 Thread 0x00007f3b9c134800 nmethod 669 0x00007f3b866cf8d0 code [0x00007f3b866cfa40, 0x00007f3b866cfc08]
Event: 5900.128 Thread 0x00007f3b9c134800  670       3       sun.awt.XSettings$Update::getCARD32 (10 bytes)
Event: 5900.128 Thread 0x00007f3b9c134800 nmethod 670 0x00007f3b866cf510 code [0x00007f3b866cf680, 0x00007f3b866cf828]

GC Heap History (0 events):
No events

Deoptimization events (4 events):
Event: 5.270 Thread 0x00007f3b9c356000 Uncommon trap: reason=class_check action=maybe_recompile pc=0x00007f3b865a30d0 method=java.lang.String.equals(Ljava/lang/Object;)Z @ 8
Event: 5.270 Thread 0x00007f3b9c356000 Uncommon trap: reason=class_check action=maybe_recompile pc=0x00007f3b865a30d0 method=java.lang.String.equals(Ljava/lang/Object;)Z @ 8
Event: 11.364 Thread 0x00007f3b9c356000 Uncommon trap: reason=class_check action=maybe_recompile pc=0x00007f3b865a30d0 method=java.lang.String.equals(Ljava/lang/Object;)Z @ 8
Event: 11.364 Thread 0x00007f3b9c356000 Uncommon trap: reason=class_check action=maybe_recompile pc=0x00007f3b865a30d0 method=java.lang.String.equals(Ljava/lang/Object;)Z @ 8

Classes redefined (10 events):
Event: 166.767 Thread 0x00007f3b9c0d9000 redefined class name=controle.Par, count=1
Event: 189.946 Thread 0x00007f3b9c0d9000 redefined class name=controle.Par, count=2
Event: 241.379 Thread 0x00007f3b9c0d9000 redefined class name=controle.Par, count=3
Event: 265.265 Thread 0x00007f3b9c0d9000 redefined class name=controle.Par, count=4
Event: 905.115 Thread 0x00007f3b9c0d9000 redefined class name=controle.Par, count=5
Event: 1031.979 Thread 0x00007f3b9c0d9000 redefined class name=controle.Par, count=6
Event: 1057.999 Thread 0x00007f3b9c0d9000 redefined class name=controle.Par, count=7
Event: 1098.196 Thread 0x00007f3b9c0d9000 redefined class name=controle.Par, count=8
Event: 1099.779 Thread 0x00007f3b9c0d9000 redefined class name=controle.Par, count=9
Event: 1116.428 Thread 0x00007f3b9c0d9000 redefined class name=controle.Par, count=10

Internal exceptions (18 events):
Event: 0.026 Thread 0x00007f3b9c04f800 Exception <a 'java/lang/NoSuchMethodError': Method sun.misc.Unsafe.defineClass(Ljava/lang/String;[BII)Ljava/lang/Class; name or signature does not match> (0x00000000d7107cb0) thrown at [/builddir/build/BUILD/java-1.8.0-openjdk-1.8.0.181.b15-0.fc27.x86_64/
Event: 0.026 Thread 0x00007f3b9c04f800 Exception <a 'java/lang/NoSuchMethodError': Method sun.misc.Unsafe.prefetchRead(Ljava/lang/Object;J)V name or signature does not match> (0x00000000d7107f98) thrown at [/builddir/build/BUILD/java-1.8.0-openjdk-1.8.0.181.b15-0.fc27.x86_64/openjdk/hotspot/sr
Event: 0.161 Thread 0x00007f3b9c04f800 Exception <a 'java/security/PrivilegedActionException'> (0x00000000d7161c40) thrown at [/builddir/build/BUILD/java-1.8.0-openjdk-1.8.0.181.b15-0.fc27.x86_64/openjdk/hotspot/src/share/vm/prims/jvm.cpp, line 1445]
Event: 0.161 Thread 0x00007f3b9c04f800 Exception <a 'java/security/PrivilegedActionException'> (0x00000000d7161e50) thrown at [/builddir/build/BUILD/java-1.8.0-openjdk-1.8.0.181.b15-0.fc27.x86_64/openjdk/hotspot/src/share/vm/prims/jvm.cpp, line 1445]
Event: 0.161 Thread 0x00007f3b9c04f800 Exception <a 'java/security/PrivilegedActionException'> (0x00000000d71649f8) thrown at [/builddir/build/BUILD/java-1.8.0-openjdk-1.8.0.181.b15-0.fc27.x86_64/openjdk/hotspot/src/share/vm/prims/jvm.cpp, line 1445]
Event: 0.161 Thread 0x00007f3b9c04f800 Exception <a 'java/security/PrivilegedActionException'> (0x00000000d7164c08) thrown at [/builddir/build/BUILD/java-1.8.0-openjdk-1.8.0.181.b15-0.fc27.x86_64/openjdk/hotspot/src/share/vm/prims/jvm.cpp, line 1445]
Event: 0.181 Thread 0x00007f3b9c04f800 Exception <a 'java/security/PrivilegedActionException'> (0x00000000d7192298) thrown at [/builddir/build/BUILD/java-1.8.0-openjdk-1.8.0.181.b15-0.fc27.x86_64/openjdk/hotspot/src/share/vm/prims/jvm.cpp, line 1445]
Event: 0.181 Thread 0x00007f3b9c04f800 Exception <a 'java/security/PrivilegedActionException'> (0x00000000d71924a8) thrown at [/builddir/build/BUILD/java-1.8.0-openjdk-1.8.0.181.b15-0.fc27.x86_64/openjdk/hotspot/src/share/vm/prims/jvm.cpp, line 1445]
Event: 0.181 Thread 0x00007f3b9c04f800 Exception <a 'java/security/PrivilegedActionException'> (0x00000000d7194d48) thrown at [/builddir/build/BUILD/java-1.8.0-openjdk-1.8.0.181.b15-0.fc27.x86_64/openjdk/hotspot/src/share/vm/prims/jvm.cpp, line 1445]
Event: 0.181 Thread 0x00007f3b9c04f800 Exception <a 'java/security/PrivilegedActionException'> (0x00000000d7194f58) thrown at [/builddir/build/BUILD/java-1.8.0-openjdk-1.8.0.181.b15-0.fc27.x86_64/openjdk/hotspot/src/share/vm/prims/jvm.cpp, line 1445]
Event: 0.181 Thread 0x00007f3b9c04f800 Exception <a 'java/security/PrivilegedActionException'> (0x00000000d7195c38) thrown at [/builddir/build/BUILD/java-1.8.0-openjdk-1.8.0.181.b15-0.fc27.x86_64/openjdk/hotspot/src/share/vm/prims/jvm.cpp, line 1445]
Event: 0.181 Thread 0x00007f3b9c04f800 Exception <a 'java/security/PrivilegedActionException'> (0x00000000d7195e48) thrown at [/builddir/build/BUILD/java-1.8.0-openjdk-1.8.0.181.b15-0.fc27.x86_64/openjdk/hotspot/src/share/vm/prims/jvm.cpp, line 1445]
Event: 0.340 Thread 0x00007f3b9c04f800 Exception <a 'java/lang/NoSuchFieldError': method resolution failed> (0x00000000d73a28c8) thrown at [/builddir/build/BUILD/java-1.8.0-openjdk-1.8.0.181.b15-0.fc27.x86_64/openjdk/hotspot/src/share/vm/prims/methodHandles.cpp, line 1167]
Event: 0.347 Thread 0x00007f3b9c04f800 Exception <a 'java/lang/NoSuchFieldError': method resolution failed> (0x00000000d73b00c8) thrown at [/builddir/build/BUILD/java-1.8.0-openjdk-1.8.0.181.b15-0.fc27.x86_64/openjdk/hotspot/src/share/vm/prims/methodHandles.cpp, line 1167]
Event: 0.410 Thread 0x00007f3b9c04f800 Exception <a 'java/io/FileNotFoundException'> (0x00000000d742e570) thrown at [/builddir/build/BUILD/java-1.8.0-openjdk-1.8.0.181.b15-0.fc27.x86_64/openjdk/hotspot/src/share/vm/prims/jni.cpp, line 710]
Event: 0.410 Thread 0x00007f3b9c04f800 Exception <a 'java/io/FileNotFoundException'> (0x00000000d742f0c0) thrown at [/builddir/build/BUILD/java-1.8.0-openjdk-1.8.0.181.b15-0.fc27.x86_64/openjdk/hotspot/src/share/vm/prims/jni.cpp, line 710]
Event: 0.572 Thread 0x00007f3b9c04f800 Exception <a 'java/lang/ClassNotFoundException': sun/dc/DuctusRenderingEngine> (0x00000000d7456c90) thrown at [/builddir/build/BUILD/java-1.8.0-openjdk-1.8.0.181.b15-0.fc27.x86_64/openjdk/hotspot/src/share/vm/classfile/systemDictionary.cpp, line 210]
Event: 1.908 Thread 0x00007f3b9c356000 Exception <a 'java/lang/UnsupportedOperationException': > (0x00000000d77f1000) thrown at [/builddir/build/BUILD/java-1.8.0-openjdk-1.8.0.181.b15-0.fc27.x86_64/openjdk/hotspot/src/share/vm/prims/jni.cpp, line 737]

Events (250 events):
Event: 189.948 Executing VM operation: GetCurrentLocation
Event: 189.948 Executing VM operation: GetCurrentLocation done
Event: 189.948 Executing VM operation: ChangeSingleStep
Event: 189.948 Executing VM operation: ChangeSingleStep done
Event: 189.950 Executing VM operation: ChangeSingleStep
Event: 189.950 Executing VM operation: ChangeSingleStep done
Event: 189.951 Executing VM operation: GetCurrentContendedMonitor
Event: 189.951 Executing VM operation: GetCurrentContendedMonitor done
Event: 189.951 Executing VM operation: GetOwnedMonitorInfo
Event: 189.951 Executing VM operation: GetOwnedMonitorInfo done
Event: 189.952 Executing VM operation: GetCurrentContendedMonitor
Event: 189.952 Executing VM operation: GetCurrentContendedMonitor done
Event: 189.952 Executing VM operation: GetOwnedMonitorInfo
Event: 189.952 Executing VM operation: GetOwnedMonitorInfo done
Event: 241.370 Executing VM operation: GetCurrentLocation
Event: 241.370 Executing VM operation: GetCurrentLocation done
Event: 241.370 Executing VM operation: EnterInterpOnlyMode
Event: 241.370 Executing VM operation: EnterInterpOnlyMode done
Event: 241.370 Executing VM operation: ChangeSingleStep
Event: 241.370 Executing VM operation: ChangeSingleStep done
Event: 241.371 Executing VM operation: ChangeSingleStep
Event: 241.371 Executing VM operation: ChangeSingleStep done
Event: 241.374 Executing VM operation: RedefineClasses
Event: 241.379 Executing VM operation: RedefineClasses done
Event: 241.380 Executing VM operation: EnterInterpOnlyMode
Event: 241.380 Executing VM operation: EnterInterpOnlyMode done
Event: 241.380 Executing VM operation: GetCurrentLocation
Event: 241.380 Executing VM operation: GetCurrentLocation done
Event: 241.380 Executing VM operation: ChangeSingleStep
Event: 241.380 Executing VM operation: ChangeSingleStep done
Event: 241.381 Executing VM operation: ChangeSingleStep
Event: 241.381 Executing VM operation: ChangeSingleStep done
Event: 241.382 Executing VM operation: GetCurrentContendedMonitor
Event: 241.382 Executing VM operation: GetCurrentContendedMonitor done
Event: 241.383 Executing VM operation: GetOwnedMonitorInfo
Event: 241.383 Executing VM operation: GetOwnedMonitorInfo done
Event: 241.383 Executing VM operation: GetCurrentContendedMonitor
Event: 241.383 Executing VM operation: GetCurrentContendedMonitor done
Event: 241.383 Executing VM operation: GetOwnedMonitorInfo
Event: 241.383 Executing VM operation: GetOwnedMonitorInfo done
Event: 265.258 Executing VM operation: GetCurrentLocation
Event: 265.258 Executing VM operation: GetCurrentLocation done
Event: 265.258 Executing VM operation: EnterInterpOnlyMode
Event: 265.258 Executing VM operation: EnterInterpOnlyMode done
Event: 265.258 Executing VM operation: ChangeSingleStep
Event: 265.258 Executing VM operation: ChangeSingleStep done
Event: 265.258 Executing VM operation: ChangeSingleStep
Event: 265.258 Executing VM operation: ChangeSingleStep done
Event: 265.261 Executing VM operation: RedefineClasses
Event: 265.265 Executing VM operation: RedefineClasses done
Event: 265.266 Executing VM operation: EnterInterpOnlyMode
Event: 265.266 Executing VM operation: EnterInterpOnlyMode done
Event: 265.266 Executing VM operation: GetCurrentLocation
Event: 265.266 Executing VM operation: GetCurrentLocation done
Event: 265.266 Executing VM operation: ChangeSingleStep
Event: 265.266 Executing VM operation: ChangeSingleStep done
Event: 265.267 Executing VM operation: ChangeSingleStep
Event: 265.267 Executing VM operation: ChangeSingleStep done
Event: 265.268 Executing VM operation: GetCurrentContendedMonitor
Event: 265.268 Executing VM operation: GetCurrentContendedMonitor done
Event: 265.270 Executing VM operation: GetOwnedMonitorInfo
Event: 265.270 Executing VM operation: GetOwnedMonitorInfo done
Event: 265.270 Executing VM operation: GetCurrentContendedMonitor
Event: 265.271 Executing VM operation: GetCurrentContendedMonitor done
Event: 265.271 Executing VM operation: GetOwnedMonitorInfo
Event: 265.271 Executing VM operation: GetOwnedMonitorInfo done
Event: 905.108 Executing VM operation: GetCurrentLocation
Event: 905.108 Executing VM operation: GetCurrentLocation done
Event: 905.108 Executing VM operation: EnterInterpOnlyMode
Event: 905.108 Executing VM operation: EnterInterpOnlyMode done
Event: 905.108 Executing VM operation: ChangeSingleStep
Event: 905.108 Executing VM operation: ChangeSingleStep done
Event: 905.108 Executing VM operation: ChangeSingleStep
Event: 905.108 Executing VM operation: ChangeSingleStep done
Event: 905.111 Executing VM operation: RedefineClasses
Event: 905.115 Executing VM operation: RedefineClasses done
Event: 905.116 Executing VM operation: EnterInterpOnlyMode
Event: 905.116 Executing VM operation: EnterInterpOnlyMode done
Event: 905.116 Executing VM operation: GetCurrentLocation
Event: 905.116 Executing VM operation: GetCurrentLocation done
Event: 905.116 Executing VM operation: ChangeSingleStep
Event: 905.116 Executing VM operation: ChangeSingleStep done
Event: 905.117 Executing VM operation: ChangeSingleStep
Event: 905.117 Executing VM operation: ChangeSingleStep done
Event: 905.117 Executing VM operation: GetCurrentContendedMonitor
Event: 905.117 Executing VM operation: GetCurrentContendedMonitor done
Event: 905.118 Executing VM operation: GetOwnedMonitorInfo
Event: 905.118 Executing VM operation: GetOwnedMonitorInfo done
Event: 905.118 Executing VM operation: GetCurrentContendedMonitor
Event: 905.118 Executing VM operation: GetCurrentContendedMonitor done
Event: 905.118 Executing VM operation: GetOwnedMonitorInfo
Event: 905.118 Executing VM operation: GetOwnedMonitorInfo done
Event: 1031.972 Executing VM operation: GetCurrentLocation
Event: 1031.972 Executing VM operation: GetCurrentLocation done
Event: 1031.972 Executing VM operation: EnterInterpOnlyMode
Event: 1031.972 Executing VM operation: EnterInterpOnlyMode done
Event: 1031.972 Executing VM operation: ChangeSingleStep
Event: 1031.972 Executing VM operation: ChangeSingleStep done
Event: 1031.972 Executing VM operation: ChangeSingleStep
Event: 1031.972 Executing VM operation: ChangeSingleStep done
Event: 1031.975 Executing VM operation: RedefineClasses
Event: 1031.979 Executing VM operation: RedefineClasses done
Event: 1031.980 Executing VM operation: EnterInterpOnlyMode
Event: 1031.980 Executing VM operation: EnterInterpOnlyMode done
Event: 1031.980 Executing VM operation: GetCurrentLocation
Event: 1031.980 Executing VM operation: GetCurrentLocation done
Event: 1031.980 Executing VM operation: ChangeSingleStep
Event: 1031.980 Executing VM operation: ChangeSingleStep done
Event: 1031.980 Executing VM operation: ChangeSingleStep
Event: 1031.980 Executing VM operation: ChangeSingleStep done
Event: 1031.981 Executing VM operation: GetCurrentContendedMonitor
Event: 1031.981 Executing VM operation: GetCurrentContendedMonitor done
Event: 1031.981 Executing VM operation: GetOwnedMonitorInfo
Event: 1031.981 Executing VM operation: GetOwnedMonitorInfo done
Event: 1031.981 Executing VM operation: GetCurrentContendedMonitor
Event: 1031.981 Executing VM operation: GetCurrentContendedMonitor done
Event: 1031.981 Executing VM operation: GetOwnedMonitorInfo
Event: 1031.981 Executing VM operation: GetOwnedMonitorInfo done
Event: 1057.988 Executing VM operation: GetCurrentLocation
Event: 1057.988 Executing VM operation: GetCurrentLocation done
Event: 1057.988 Executing VM operation: EnterInterpOnlyMode
Event: 1057.988 Executing VM operation: EnterInterpOnlyMode done
Event: 1057.988 Executing VM operation: ChangeSingleStep
Event: 1057.988 Executing VM operation: ChangeSingleStep done
Event: 1057.989 Executing VM operation: ChangeSingleStep
Event: 1057.989 Executing VM operation: ChangeSingleStep done
Event: 1057.996 Executing VM operation: RedefineClasses
Event: 1057.999 Executing VM operation: RedefineClasses done
Event: 1058.000 Executing VM operation: EnterInterpOnlyMode
Event: 1058.000 Executing VM operation: EnterInterpOnlyMode done
Event: 1058.000 Executing VM operation: GetCurrentLocation
Event: 1058.000 Executing VM operation: GetCurrentLocation done
Event: 1058.000 Executing VM operation: ChangeSingleStep
Event: 1058.000 Executing VM operation: ChangeSingleStep done
Event: 1058.002 Executing VM operation: ChangeSingleStep
Event: 1058.002 Executing VM operation: ChangeSingleStep done
Event: 1058.002 Executing VM operation: GetCurrentContendedMonitor
Event: 1058.002 Executing VM operation: GetCurrentContendedMonitor done
Event: 1058.003 Executing VM operation: GetOwnedMonitorInfo
Event: 1058.003 Executing VM operation: GetOwnedMonitorInfo done
Event: 1058.003 Executing VM operation: GetCurrentContendedMonitor
Event: 1058.003 Executing VM operation: GetCurrentContendedMonitor done
Event: 1058.003 Executing VM operation: GetOwnedMonitorInfo
Event: 1058.003 Executing VM operation: GetOwnedMonitorInfo done
Event: 1098.190 Executing VM operation: GetCurrentLocation
Event: 1098.190 Executing VM operation: GetCurrentLocation done
Event: 1098.190 Executing VM operation: EnterInterpOnlyMode
Event: 1098.190 Executing VM operation: EnterInterpOnlyMode done
Event: 1098.190 Executing VM operation: ChangeSingleStep
Event: 1098.190 Executing VM operation: ChangeSingleStep done
Event: 1098.190 Executing VM operation: ChangeSingleStep
Event: 1098.190 Executing VM operation: ChangeSingleStep done
Event: 1098.192 Executing VM operation: RedefineClasses
Event: 1098.196 Executing VM operation: RedefineClasses done
Event: 1098.198 Executing VM operation: EnterInterpOnlyMode
Event: 1098.198 Executing VM operation: EnterInterpOnlyMode done
Event: 1098.198 Executing VM operation: GetCurrentLocation
Event: 1098.198 Executing VM operation: GetCurrentLocation done
Event: 1098.198 Executing VM operation: ChangeSingleStep
Event: 1098.198 Executing VM operation: ChangeSingleStep done
Event: 1098.198 Executing VM operation: ChangeSingleStep
Event: 1098.198 Executing VM operation: ChangeSingleStep done
Event: 1098.199 Executing VM operation: GetCurrentContendedMonitor
Event: 1098.199 Executing VM operation: GetCurrentContendedMonitor done
Event: 1098.199 Executing VM operation: GetOwnedMonitorInfo
Event: 1098.199 Executing VM operation: GetOwnedMonitorInfo done
Event: 1098.199 Executing VM operation: GetCurrentContendedMonitor
Event: 1098.199 Executing VM operation: GetCurrentContendedMonitor done
Event: 1098.199 Executing VM operation: GetOwnedMonitorInfo
Event: 1098.199 Executing VM operation: GetOwnedMonitorInfo done
Event: 1099.774 Executing VM operation: GetCurrentLocation
Event: 1099.774 Executing VM operation: GetCurrentLocation done
Event: 1099.774 Executing VM operation: EnterInterpOnlyMode
Event: 1099.774 Executing VM operation: EnterInterpOnlyMode done
Event: 1099.774 Executing VM operation: ChangeSingleStep
Event: 1099.774 Executing VM operation: ChangeSingleStep done
Event: 1099.774 Executing VM operation: ChangeSingleStep
Event: 1099.774 Executing VM operation: ChangeSingleStep done
Event: 1099.776 Executing VM operation: RedefineClasses
Event: 1099.779 Executing VM operation: RedefineClasses done
Event: 1099.780 Executing VM operation: EnterInterpOnlyMode
Event: 1099.780 Executing VM operation: EnterInterpOnlyMode done
Event: 1099.780 Executing VM operation: GetCurrentLocation
Event: 1099.780 Executing VM operation: GetCurrentLocation done
Event: 1099.780 Executing VM operation: ChangeSingleStep
Event: 1099.780 Executing VM operation: ChangeSingleStep done
Event: 1099.780 Executing VM operation: ChangeSingleStep
Event: 1099.780 Executing VM operation: ChangeSingleStep done
Event: 1099.781 Executing VM operation: GetCurrentContendedMonitor
Event: 1099.781 Executing VM operation: GetCurrentContendedMonitor done
Event: 1099.781 Executing VM operation: GetOwnedMonitorInfo
Event: 1099.781 Executing VM operation: GetOwnedMonitorInfo done
Event: 1116.421 Executing VM operation: GetCurrentLocation
Event: 1116.421 Executing VM operation: GetCurrentLocation done
Event: 1116.421 Executing VM operation: EnterInterpOnlyMode
Event: 1116.421 Executing VM operation: EnterInterpOnlyMode done
Event: 1116.421 Executing VM operation: ChangeSingleStep
Event: 1116.421 Executing VM operation: ChangeSingleStep done
Event: 1116.421 Executing VM operation: ChangeSingleStep
Event: 1116.421 Executing VM operation: ChangeSingleStep done
Event: 1116.424 Executing VM operation: RedefineClasses
Event: 1116.428 Executing VM operation: RedefineClasses done
Event: 1116.430 Executing VM operation: EnterInterpOnlyMode
Event: 1116.430 Executing VM operation: EnterInterpOnlyMode done
Event: 1116.430 Executing VM operation: GetCurrentLocation
Event: 1116.430 Executing VM operation: GetCurrentLocation done
Event: 1116.430 Executing VM operation: ChangeSingleStep
Event: 1116.430 Executing VM operation: ChangeSingleStep done
Event: 1116.431 Executing VM operation: ChangeSingleStep
Event: 1116.431 Executing VM operation: ChangeSingleStep done
Event: 1116.431 Executing VM operation: GetCurrentContendedMonitor
Event: 1116.431 Executing VM operation: GetCurrentContendedMonitor done
Event: 1116.431 Executing VM operation: GetOwnedMonitorInfo
Event: 1116.431 Executing VM operation: GetOwnedMonitorInfo done
Event: 1116.432 Executing VM operation: GetCurrentContendedMonitor
Event: 1116.432 Executing VM operation: GetCurrentContendedMonitor done
Event: 1116.432 Executing VM operation: GetOwnedMonitorInfo
Event: 1116.432 Executing VM operation: GetOwnedMonitorInfo done
Event: 1344.649 loading class sun/awt/X11/XAWTXSettings$1
Event: 1344.689 loading class sun/awt/X11/XAWTXSettings$1 done
Event: 1344.689 Thread 0x00007f3b38010800 Thread added: 0x00007f3b38010800
Event: 1344.689 Thread 0x00007f3b38009000 Thread added: 0x00007f3b38009000
Event: 1346.772 Thread 0x00007f3b38009000 Thread exited: 0x00007f3b38009000
Event: 1346.779 Executing VM operation: RevokeBias
Event: 1346.779 Executing VM operation: RevokeBias done
Event: 1346.780 Thread 0x00007f3b38010800 Thread exited: 0x00007f3b38010800
Event: 1347.010 loading class sun/awt/X11/XkbEvent
Event: 1349.150 loading class sun/awt/X11/XkbEvent done
Event: 1349.150 loading class sun/awt/X11/XkbAnyEvent
Event: 1349.150 loading class sun/awt/X11/XkbAnyEvent done
Event: 1349.162 Thread 0x00007f3b38009000 Thread added: 0x00007f3b38009000
Event: 1349.163 Thread 0x00007f3b38009800 Thread added: 0x00007f3b38009800
Event: 1350.163 Executing VM operation: RevokeBias
Event: 1350.164 Executing VM operation: RevokeBias done
Event: 1350.164 Thread 0x00007f3b38009000 Thread exited: 0x00007f3b38009000
Event: 1350.164 Thread 0x00007f3b38009800 Thread exited: 0x00007f3b38009800
Event: 5894.555 Thread 0x00007f3b38009000 Thread added: 0x00007f3b38009000
Event: 5894.555 Thread 0x00007f3b38009800 Thread added: 0x00007f3b38009800
Event: 5895.556 Executing VM operation: RevokeBias
Event: 5895.556 Executing VM operation: RevokeBias done
Event: 5895.556 Thread 0x00007f3b38009000 Thread exited: 0x00007f3b38009000
Event: 5895.556 Thread 0x00007f3b38009800 Thread exited: 0x00007f3b38009800
Event: 5900.129 Thread 0x00007f3b38009800 Thread added: 0x00007f3b38009800
Event: 5900.130 Thread 0x00007f3b38011800 Thread added: 0x00007f3b38011800
Event: 5901.131 Executing VM operation: RevokeBias
Event: 5901.131 Executing VM operation: RevokeBias done
Event: 5901.131 Thread 0x00007f3b38011800 Thread exited: 0x00007f3b38011800
Event: 5901.131 Thread 0x00007f3b38009800 Thread exited: 0x00007f3b38009800
Event: 5966.422 loading class sun/awt/X11/XDestroyWindowEvent
Event: 5966.474 loading class sun/awt/X11/XDestroyWindowEvent done


Dynamic libraries:
85200000-8a500000 rw-p 00000000 00:00 0 
8a500000-d7100000 ---p 00000000 00:00 0 
d7100000-d9a00000 rw-p 00000000 00:00 0 
d9a00000-100000000 ---p 00000000 00:00 0 
100000000-1001a0000 rw-p 00000000 00:00 0 
1001a0000-140000000 ---p 00000000 00:00 0 
55f89d377000-55f89d378000 r-xp 00000000 08:08 666785                     /usr/lib/jvm/java-1.8.0-openjdk-1.8.0.181.b15-0.fc27.x86_64/bin/java
55f89d577000-55f89d578000 r--p 00000000 08:08 666785                     /usr/lib/jvm/java-1.8.0-openjdk-1.8.0.181.b15-0.fc27.x86_64/bin/java
55f89d578000-55f89d579000 rw-p 00001000 08:08 666785                     /usr/lib/jvm/java-1.8.0-openjdk-1.8.0.181.b15-0.fc27.x86_64/bin/java
55f89e352000-55f89e373000 rw-p 00000000 00:00 0                          [heap]
7f3b24000000-7f3b2404b000 rw-p 00000000 00:00 0 
7f3b2404b000-7f3b28000000 ---p 00000000 00:00 0 
7f3b28000000-7f3b282a4000 rw-p 00000000 00:00 0 
7f3b282a4000-7f3b2c000000 ---p 00000000 00:00 0 
7f3b2c000000-7f3b2c021000 rw-p 00000000 00:00 0 
7f3b2c021000-7f3b30000000 ---p 00000000 00:00 0 
7f3b30000000-7f3b30021000 rw-p 00000000 00:00 0 
7f3b30021000-7f3b34000000 ---p 00000000 00:00 0 
7f3b34000000-7f3b34021000 rw-p 00000000 00:00 0 
7f3b34021000-7f3b38000000 ---p 00000000 00:00 0 
7f3b38000000-7f3b382d1000 rw-p 00000000 00:00 0 
7f3b382d1000-7f3b3c000000 ---p 00000000 00:00 0 
7f3b3c000000-7f3b3c021000 rw-p 00000000 00:00 0 
7f3b3c021000-7f3b40000000 ---p 00000000 00:00 0 
7f3b40000000-7f3b40021000 rw-p 00000000 00:00 0 
7f3b40021000-7f3b44000000 ---p 00000000 00:00 0 
7f3b44000000-7f3b440b4000 rw-p 00000000 00:00 0 
7f3b440b4000-7f3b48000000 ---p 00000000 00:00 0 
7f3b48000000-7f3b4868a000 rw-p 00000000 00:00 0 
7f3b4868a000-7f3b4c000000 ---p 00000000 00:00 0 
7f3b4c000000-7f3b4c021000 rw-p 00000000 00:00 0 
7f3b4c021000-7f3b50000000 ---p 00000000 00:00 0 
7f3b50000000-7f3b500cd000 rw-p 00000000 00:00 0 
7f3b500cd000-7f3b54000000 ---p 00000000 00:00 0 
7f3b54000000-7f3b54021000 rw-p 00000000 00:00 0 
7f3b54021000-7f3b58000000 ---p 00000000 00:00 0 
7f3b584a0000-7f3b584e0000 rw-p 00000000 00:00 0 
7f3b584e0000-7f3b586a0000 ---p 00000000 00:00 0 
7f3b586a0000-7f3b586a3000 ---p 00000000 00:00 0 
7f3b586a3000-7f3b589a1000 rw-p 00000000 00:00 0 
7f3b589a1000-7f3b589a4000 ---p 00000000 00:00 0 
7f3b589a4000-7f3b58aa2000 rw-p 00000000 00:00 0 
7f3b58aa2000-7f3b58aa5000 ---p 00000000 00:00 0 
7f3b58aa5000-7f3b58da3000 rw-p 00000000 00:00 0 
7f3b58da3000-7f3b58db4000 r-xp 00000000 08:08 669854                     /usr/lib/jvm/java-1.8.0-openjdk-1.8.0.181.b15-0.fc27.x86_64/jre/lib/amd64/libnio.so
7f3b58db4000-7f3b58fb4000 ---p 00011000 08:08 669854                     /usr/lib/jvm/java-1.8.0-openjdk-1.8.0.181.b15-0.fc27.x86_64/jre/lib/amd64/libnio.so
7f3b58fb4000-7f3b58fb5000 r--p 00011000 08:08 669854                     /usr/lib/jvm/java-1.8.0-openjdk-1.8.0.181.b15-0.fc27.x86_64/jre/lib/amd64/libnio.so
7f3b58fb5000-7f3b58fb6000 rw-p 00012000 08:08 669854                     /usr/lib/jvm/java-1.8.0-openjdk-1.8.0.181.b15-0.fc27.x86_64/jre/lib/amd64/libnio.so
7f3b58fb6000-7f3b58fcd000 r-xp 00000000 08:08 669853                     /usr/lib/jvm/java-1.8.0-openjdk-1.8.0.181.b15-0.fc27.x86_64/jre/lib/amd64/libnet.so
7f3b58fcd000-7f3b591cc000 ---p 00017000 08:08 669853                     /usr/lib/jvm/java-1.8.0-openjdk-1.8.0.181.b15-0.fc27.x86_64/jre/lib/amd64/libnet.so
7f3b591cc000-7f3b591cd000 r--p 00016000 08:08 669853                     /usr/lib/jvm/java-1.8.0-openjdk-1.8.0.181.b15-0.fc27.x86_64/jre/lib/amd64/libnet.so
7f3b591cd000-7f3b591ce000 rw-p 00017000 08:08 669853                     /usr/lib/jvm/java-1.8.0-openjdk-1.8.0.181.b15-0.fc27.x86_64/jre/lib/amd64/libnet.so
7f3b591ce000-7f3b591d1000 ---p 00000000 00:00 0 
7f3b591d1000-7f3b592cf000 rw-p 00000000 00:00 0 
7f3b592cf000-7f3b592d2000 ---p 00000000 00:00 0 
7f3b592d2000-7f3b593d0000 rw-p 00000000 00:00 0 
7f3b593d0000-7f3b593d5000 r-xp 00000000 08:08 536439                     /usr/lib64/libXfixes.so.3.1.0
7f3b593d5000-7f3b595d4000 ---p 00005000 08:08 536439                     /usr/lib64/libXfixes.so.3.1.0
7f3b595d4000-7f3b595d5000 r--p 00004000 08:08 536439                     /usr/lib64/libXfixes.so.3.1.0
7f3b595d5000-7f3b595d6000 rw-p 00005000 08:08 536439                     /usr/lib64/libXfixes.so.3.1.0
7f3b595d6000-7f3b595df000 r-xp 00000000 08:08 535105                     /usr/lib64/libXcursor.so.1.0.2
7f3b595df000-7f3b597df000 ---p 00009000 08:08 535105                     /usr/lib64/libXcursor.so.1.0.2
7f3b597df000-7f3b597e0000 r--p 00009000 08:08 535105                     /usr/lib64/libXcursor.so.1.0.2
7f3b597e0000-7f3b597e1000 rw-p 00000000 00:00 0 
7f3b597e1000-7f3b597e4000 ---p 00000000 00:00 0 
7f3b597e4000-7f3b598e2000 rw-p 00000000 00:00 0 
7f3b598e2000-7f3b59914000 r-xp 00000000 08:08 537119                     /usr/lib64/libpng16.so.16.31.0
7f3b59914000-7f3b59b13000 ---p 00032000 08:08 537119                     /usr/lib64/libpng16.so.16.31.0
7f3b59b13000-7f3b59b14000 r--p 00031000 08:08 537119                     /usr/lib64/libpng16.so.16.31.0
7f3b59b14000-7f3b59b15000 rw-p 00000000 00:00 0 
7f3b59b15000-7f3b59b24000 r-xp 00000000 08:08 536534                     /usr/lib64/libbz2.so.1.0.6
7f3b59b24000-7f3b59d24000 ---p 0000f000 08:08 536534                     /usr/lib64/libbz2.so.1.0.6
7f3b59d24000-7f3b59d25000 r--p 0000f000 08:08 536534                     /usr/lib64/libbz2.so.1.0.6
7f3b59d25000-7f3b59d26000 rw-p 00010000 08:08 536534                     /usr/lib64/libbz2.so.1.0.6
7f3b59d26000-7f3b59dd3000 r-xp 00000000 08:08 535358                     /usr/lib64/libfreetype.so.6.14.0
7f3b59dd3000-7f3b59fd3000 ---p 000ad000 08:08 535358                     /usr/lib64/libfreetype.so.6.14.0
7f3b59fd3000-7f3b59fda000 r--p 000ad000 08:08 535358                     /usr/lib64/libfreetype.so.6.14.0
7f3b59fda000-7f3b59fdb000 rw-p 00000000 00:00 0 
7f3b59fdb000-7f3b5a02c000 r-xp 00000000 08:08 669836                     /usr/lib/jvm/java-1.8.0-openjdk-1.8.0.181.b15-0.fc27.x86_64/jre/lib/amd64/libfontmanager.so
7f3b5a02c000-7f3b5a22b000 ---p 00051000 08:08 669836                     /usr/lib/jvm/java-1.8.0-openjdk-1.8.0.181.b15-0.fc27.x86_64/jre/lib/amd64/libfontmanager.so
7f3b5a22b000-7f3b5a22e000 r--p 00050000 08:08 669836                     /usr/lib/jvm/java-1.8.0-openjdk-1.8.0.181.b15-0.fc27.x86_64/jre/lib/amd64/libfontmanager.so
7f3b5a22e000-7f3b5a22f000 rw-p 00053000 08:08 669836                     /usr/lib/jvm/java-1.8.0-openjdk-1.8.0.181.b15-0.fc27.x86_64/jre/lib/amd64/libfontmanager.so
7f3b5a22f000-7f3b5a231000 r-xp 00000000 08:08 536433                     /usr/lib64/libXau.so.6.0.0
7f3b5a231000-7f3b5a431000 ---p 00002000 08:08 536433                     /usr/lib64/libXau.so.6.0.0
7f3b5a431000-7f3b5a432000 r--p 00002000 08:08 536433                     /usr/lib64/libXau.so.6.0.0
7f3b5a432000-7f3b5a433000 rw-p 00000000 00:00 0 
7f3b5a433000-7f3b5a45a000 r-xp 00000000 08:08 537405                     /usr/lib64/libxcb.so.1.1.0
7f3b5a45a000-7f3b5a659000 ---p 00027000 08:08 537405                     /usr/lib64/libxcb.so.1.1.0
7f3b5a659000-7f3b5a65a000 r--p 00026000 08:08 537405                     /usr/lib64/libxcb.so.1.1.0
7f3b5a65a000-7f3b5a65b000 rw-p 00027000 08:08 537405                     /usr/lib64/libxcb.so.1.1.0
7f3b5a65b000-7f3b5a66a000 r-xp 00000000 08:08 536443                     /usr/lib64/libXi.so.6.1.0
7f3b5a66a000-7f3b5a86a000 ---p 0000f000 08:08 536443                     /usr/lib64/libXi.so.6.1.0
7f3b5a86a000-7f3b5a86b000 r--p 0000f000 08:08 536443                     /usr/lib64/libXi.so.6.1.0
7f3b5a86b000-7f3b5a86c000 rw-p 00010000 08:08 536443                     /usr/lib64/libXi.so.6.1.0
7f3b5a86c000-7f3b5a871000 r-xp 00000000 08:08 536451                     /usr/lib64/libXtst.so.6.1.0
7f3b5a871000-7f3b5aa70000 ---p 00005000 08:08 536451                     /usr/lib64/libXtst.so.6.1.0
7f3b5aa70000-7f3b5aa71000 r--p 00004000 08:08 536451                     /usr/lib64/libXtst.so.6.1.0
7f3b5aa71000-7f3b5aa72000 rw-p 00005000 08:08 536451                     /usr/lib64/libXtst.so.6.1.0
7f3b5aa72000-7f3b5aa74000 r-xp 00000000 08:08 536434                     /usr/lib64/libXcomposite.so.1.0.0
7f3b5aa74000-7f3b5ac73000 ---p 00002000 08:08 536434                     /usr/lib64/libXcomposite.so.1.0.0
7f3b5ac73000-7f3b5ac74000 r--p 00001000 08:08 536434                     /usr/lib64/libXcomposite.so.1.0.0
7f3b5ac74000-7f3b5ac75000 rw-p 00000000 00:00 0 
7f3b5ac75000-7f3b5ac7e000 r-xp 00000000 08:08 536449                     /usr/lib64/libXrender.so.1.3.0
7f3b5ac7e000-7f3b5ae7d000 ---p 00009000 08:08 536449                     /usr/lib64/libXrender.so.1.3.0
7f3b5ae7d000-7f3b5ae7e000 r--p 00008000 08:08 536449                     /usr/lib64/libXrender.so.1.3.0
7f3b5ae7e000-7f3b5ae7f000 rw-p 00009000 08:08 536449                     /usr/lib64/libXrender.so.1.3.0
7f3b5ae7f000-7f3b5afb7000 r-xp 00000000 08:08 536431                     /usr/lib64/libX11.so.6.3.0
7f3b5afb7000-7f3b5b1b6000 ---p 00138000 08:08 536431                     /usr/lib64/libX11.so.6.3.0
7f3b5b1b6000-7f3b5b1b9000 r--p 00137000 08:08 536431                     /usr/lib64/libX11.so.6.3.0
7f3b5b1b9000-7f3b5b1bd000 rw-p 0013a000 08:08 536431                     /usr/lib64/libX11.so.6.3.0
7f3b5b1bd000-7f3b5b1ce000 r-xp 00000000 08:08 536438                     /usr/lib64/libXext.so.6.4.0
7f3b5b1ce000-7f3b5b3cd000 ---p 00011000 08:08 536438                     /usr/lib64/libXext.so.6.4.0
7f3b5b3cd000-7f3b5b3ce000 r--p 00010000 08:08 536438                     /usr/lib64/libXext.so.6.4.0
7f3b5b3ce000-7f3b5b3cf000 rw-p 00011000 08:08 536438                     /usr/lib64/libXext.so.6.4.0
7f3b5b3cf000-7f3b5b423000 r-xp 00000000 08:08 669904                     /usr/lib/jvm/java-1.8.0-openjdk-1.8.0.181.b15-0.fc27.x86_64/jre/lib/amd64/libawt_xawt.so
7f3b5b423000-7f3b5b623000 ---p 00054000 08:08 669904                     /usr/lib/jvm/java-1.8.0-openjdk-1.8.0.181.b15-0.fc27.x86_64/jre/lib/amd64/libawt_xawt.so
7f3b5b623000-7f3b5b624000 r--p 00054000 08:08 669904                     /usr/lib/jvm/java-1.8.0-openjdk-1.8.0.181.b15-0.fc27.x86_64/jre/lib/amd64/libawt_xawt.so
7f3b5b624000-7f3b5b626000 rw-p 00055000 08:08 669904                     /usr/lib/jvm/java-1.8.0-openjdk-1.8.0.181.b15-0.fc27.x86_64/jre/lib/amd64/libawt_xawt.so
7f3b5b626000-7f3b5b628000 rw-p 00000000 00:00 0 
7f3b5b628000-7f3b5b6c9000 r-xp 00000000 08:08 669833                     /usr/lib/jvm/java-1.8.0-openjdk-1.8.0.181.b15-0.fc27.x86_64/jre/lib/amd64/libawt.so
7f3b5b6c9000-7f3b5b8c8000 ---p 000a1000 08:08 669833                     /usr/lib/jvm/java-1.8.0-openjdk-1.8.0.181.b15-0.fc27.x86_64/jre/lib/amd64/libawt.so
7f3b5b8c8000-7f3b5b8c9000 r--p 000a0000 08:08 669833                     /usr/lib/jvm/java-1.8.0-openjdk-1.8.0.181.b15-0.fc27.x86_64/jre/lib/amd64/libawt.so
7f3b5b8c9000-7f3b5b8d4000 rw-p 000a1000 08:08 669833                     /usr/lib/jvm/java-1.8.0-openjdk-1.8.0.181.b15-0.fc27.x86_64/jre/lib/amd64/libawt.so
7f3b5b8d4000-7f3b5b8f9000 rw-p 00000000 00:00 0 
7f3b5b8f9000-7f3b5b8fa000 ---p 00000000 00:00 0 
7f3b5b8fa000-7f3b5b9fa000 rw-p 00000000 00:00 0 
7f3b5b9fa000-7f3b5b9fd000 ---p 00000000 00:00 0 
7f3b5b9fd000-7f3b5bafb000 rw-p 00000000 00:00 0 
7f3b5bafb000-7f3b5bafc000 ---p 00000000 00:00 0 
7f3b5bafc000-7f3b5baff000 ---p 00000000 00:00 0 
7f3b5baff000-7f3b5bbfc000 rw-p 00000000 00:00 0 
7f3b5bbfc000-7f3b5bbfd000 ---p 00000000 00:00 0 
7f3b5bbfd000-7f3b5bc00000 ---p 00000000 00:00 0 
7f3b5bc00000-7f3b5bcfd000 rw-p 00000000 00:00 0 
7f3b5bcfd000-7f3b5bcfe000 ---p 00000000 00:00 0 
7f3b5bcfe000-7f3b5bd01000 ---p 00000000 00:00 0 
7f3b5bd01000-7f3b5bdfe000 rw-p 00000000 00:00 0 
7f3b5bdfe000-7f3b5be01000 ---p 00000000 00:00 0 
7f3b5be01000-7f3b5beff000 rw-p 00000000 00:00 0 
7f3b5beff000-7f3b5bf02000 ---p 00000000 00:00 0 
7f3b5bf02000-7f3b5c000000 rw-p 00000000 00:00 0 
7f3b5c000000-7f3b5c021000 rw-p 00000000 00:00 0 
7f3b5c021000-7f3b60000000 ---p 00000000 00:00 0 
7f3b60000000-7f3b60021000 rw-p 00000000 00:00 0 
7f3b60021000-7f3b64000000 ---p 00000000 00:00 0 
7f3b64000000-7f3b64021000 rw-p 00000000 00:00 0 
7f3b64021000-7f3b68000000 ---p 00000000 00:00 0 
7f3b68000000-7f3b68021000 rw-p 00000000 00:00 0 
7f3b68021000-7f3b6c000000 ---p 00000000 00:00 0 
7f3b6c000000-7f3b6c021000 rw-p 00000000 00:00 0 
7f3b6c021000-7f3b70000000 ---p 00000000 00:00 0 
7f3b70000000-7f3b70021000 rw-p 00000000 00:00 0 
7f3b70021000-7f3b74000000 ---p 00000000 00:00 0 
7f3b7407e000-7f3b74089000 r-xp 00000000 08:08 524925                     /usr/lib64/libnss_files-2.26.so
7f3b74089000-7f3b74288000 ---p 0000b000 08:08 524925                     /usr/lib64/libnss_files-2.26.so
7f3b74288000-7f3b74289000 r--p 0000a000 08:08 524925                     /usr/lib64/libnss_files-2.26.so
7f3b74289000-7f3b7428a000 rw-p 0000b000 08:08 524925                     /usr/lib64/libnss_files-2.26.so
7f3b7428a000-7f3b78000000 rw-p 00000000 00:00 0 
7f3b78000000-7f3b78021000 rw-p 00000000 00:00 0 
7f3b78021000-7f3b7c000000 ---p 00000000 00:00 0 
7f3b7c000000-7f3b7c021000 rw-p 00000000 00:00 0 
7f3b7c021000-7f3b80000000 ---p 00000000 00:00 0 
7f3b80000000-7f3b80021000 rw-p 00000000 00:00 0 
7f3b80021000-7f3b84000000 ---p 00000000 00:00 0 
7f3b84071000-7f3b84074000 ---p 00000000 00:00 0 
7f3b84074000-7f3b84172000 rw-p 00000000 00:00 0 
7f3b84172000-7f3b84176000 r-xp 00000000 08:08 669835                     /usr/lib/jvm/java-1.8.0-openjdk-1.8.0.181.b15-0.fc27.x86_64/jre/lib/amd64/libdt_socket.so
7f3b84176000-7f3b84375000 ---p 00004000 08:08 669835                     /usr/lib/jvm/java-1.8.0-openjdk-1.8.0.181.b15-0.fc27.x86_64/jre/lib/amd64/libdt_socket.so
7f3b84375000-7f3b84376000 r--p 00003000 08:08 669835                     /usr/lib/jvm/java-1.8.0-openjdk-1.8.0.181.b15-0.fc27.x86_64/jre/lib/amd64/libdt_socket.so
7f3b84376000-7f3b84377000 rw-p 00004000 08:08 669835                     /usr/lib/jvm/java-1.8.0-openjdk-1.8.0.181.b15-0.fc27.x86_64/jre/lib/amd64/libdt_socket.so
7f3b84377000-7f3b8437a000 ---p 00000000 00:00 0 
7f3b8437a000-7f3b84478000 rw-p 00000000 00:00 0 
7f3b84478000-7f3b8447b000 ---p 00000000 00:00 0 
7f3b8447b000-7f3b84579000 rw-p 00000000 00:00 0 
7f3b84579000-7f3b8457c000 ---p 00000000 00:00 0 
7f3b8457c000-7f3b8467a000 rw-p 00000000 00:00 0 
7f3b8467a000-7f3b8467b000 ---p 00000000 00:00 0 
7f3b8467b000-7f3b8568a000 rw-p 00000000 00:00 0 
7f3b8568a000-7f3b85859000 r--s 04413000 08:08 669899                     /usr/lib/jvm/java-1.8.0-openjdk-1.8.0.181.b15-0.fc27.x86_64/jre/lib/rt.jar
7f3b85859000-7f3b86430000 rw-p 00000000 00:00 0 
7f3b86430000-7f3b866e0000 rwxp 00000000 00:00 0 
7f3b866e0000-7f3b95430000 ---p 00000000 00:00 0 
7f3b95430000-7f3b9c000000 r--p 00000000 08:08 524870                     /usr/lib/locale/locale-archive
7f3b9c000000-7f3b9c3be000 rw-p 00000000 00:00 0 
7f3b9c3be000-7f3ba0000000 ---p 00000000 00:00 0 
7f3ba0036000-7f3ba0067000 rw-p 00000000 00:00 0 
7f3ba0067000-7f3ba006d000 r--s 00309000 08:08 669782                     /usr/lib/jvm/java-1.8.0-openjdk-1.8.0.181.b15-0.fc27.x86_64/jre/lib/charsets.jar
7f3ba006d000-7f3ba01ef000 rw-p 00000000 00:00 0 
7f3ba01ef000-7f3ba01f0000 ---p 00000000 00:00 0 
7f3ba01f0000-7f3ba02f0000 rw-p 00000000 00:00 0 
7f3ba02f0000-7f3ba02f1000 ---p 00000000 00:00 0 
7f3ba02f1000-7f3ba03f1000 rw-p 00000000 00:00 0 
7f3ba03f1000-7f3ba03f2000 ---p 00000000 00:00 0 
7f3ba03f2000-7f3ba04f2000 rw-p 00000000 00:00 0 
7f3ba04f2000-7f3ba04f3000 ---p 00000000 00:00 0 
7f3ba04f3000-7f3ba061d000 rw-p 00000000 00:00 0 
7f3ba061d000-7f3ba0883000 ---p 00000000 00:00 0 
7f3ba0883000-7f3ba08ad000 rw-p 00000000 00:00 0 
7f3ba08ad000-7f3ba0b12000 ---p 00000000 00:00 0 
7f3ba0b12000-7f3ba0b27000 rw-p 00000000 00:00 0 
7f3ba0b27000-7f3ba0c5a000 ---p 00000000 00:00 0 
7f3ba0c5a000-7f3ba0c66000 rw-p 00000000 00:00 0 
7f3ba0c66000-7f3ba101b000 ---p 00000000 00:00 0 
7f3ba101b000-7f3ba1023000 r-xp 00000000 08:08 669861                     /usr/lib/jvm/java-1.8.0-openjdk-1.8.0.181.b15-0.fc27.x86_64/jre/lib/amd64/libzip.so
7f3ba1023000-7f3ba1222000 ---p 00008000 08:08 669861                     /usr/lib/jvm/java-1.8.0-openjdk-1.8.0.181.b15-0.fc27.x86_64/jre/lib/amd64/libzip.so
7f3ba1222000-7f3ba1223000 r--p 00007000 08:08 669861                     /usr/lib/jvm/java-1.8.0-openjdk-1.8.0.181.b15-0.fc27.x86_64/jre/lib/amd64/libzip.so
7f3ba1223000-7f3ba1224000 rw-p 00000000 00:00 0 
7f3ba1224000-7f3ba1a29000 r--s 00000000 08:08 2103743                    /var/lib/sss/mc/passwd
7f3ba1a29000-7f3ba1a31000 r-xp 00000000 08:08 552537                     /usr/lib64/libnss_sss.so.2
7f3ba1a31000-7f3ba1c30000 ---p 00008000 08:08 552537                     /usr/lib64/libnss_sss.so.2
7f3ba1c30000-7f3ba1c31000 r--p 00007000 08:08 552537                     /usr/lib64/libnss_sss.so.2
7f3ba1c31000-7f3ba1c32000 rw-p 00008000 08:08 552537                     /usr/lib64/libnss_sss.so.2
7f3ba1c32000-7f3ba1c34000 r-xp 00000000 08:08 669855                     /usr/lib/jvm/java-1.8.0-openjdk-1.8.0.181.b15-0.fc27.x86_64/jre/lib/amd64/libnpt.so
7f3ba1c34000-7f3ba1e34000 ---p 00002000 08:08 669855                     /usr/lib/jvm/java-1.8.0-openjdk-1.8.0.181.b15-0.fc27.x86_64/jre/lib/amd64/libnpt.so
7f3ba1e34000-7f3ba1e35000 r--p 00002000 08:08 669855                     /usr/lib/jvm/java-1.8.0-openjdk-1.8.0.181.b15-0.fc27.x86_64/jre/lib/amd64/libnpt.so
7f3ba1e35000-7f3ba1e36000 rw-p 00000000 00:00 0 
7f3ba1e36000-7f3ba1e71000 r-xp 00000000 08:08 669846                     /usr/lib/jvm/java-1.8.0-openjdk-1.8.0.181.b15-0.fc27.x86_64/jre/lib/amd64/libjdwp.so
7f3ba1e71000-7f3ba2070000 ---p 0003b000 08:08 669846                     /usr/lib/jvm/java-1.8.0-openjdk-1.8.0.181.b15-0.fc27.x86_64/jre/lib/amd64/libjdwp.so
7f3ba2070000-7f3ba2071000 r--p 0003a000 08:08 669846                     /usr/lib/jvm/java-1.8.0-openjdk-1.8.0.181.b15-0.fc27.x86_64/jre/lib/amd64/libjdwp.so
7f3ba2071000-7f3ba2072000 rw-p 0003b000 08:08 669846                     /usr/lib/jvm/java-1.8.0-openjdk-1.8.0.181.b15-0.fc27.x86_64/jre/lib/amd64/libjdwp.so
7f3ba2072000-7f3ba20a0000 r-xp 00000000 08:08 669843                     /usr/lib/jvm/java-1.8.0-openjdk-1.8.0.181.b15-0.fc27.x86_64/jre/lib/amd64/libjava.so
7f3ba20a0000-7f3ba22a0000 ---p 0002e000 08:08 669843                     /usr/lib/jvm/java-1.8.0-openjdk-1.8.0.181.b15-0.fc27.x86_64/jre/lib/amd64/libjava.so
7f3ba22a0000-7f3ba22a1000 r--p 0002e000 08:08 669843                     /usr/lib/jvm/java-1.8.0-openjdk-1.8.0.181.b15-0.fc27.x86_64/jre/lib/amd64/libjava.so
7f3ba22a1000-7f3ba22a2000 rw-p 0002f000 08:08 669843                     /usr/lib/jvm/java-1.8.0-openjdk-1.8.0.181.b15-0.fc27.x86_64/jre/lib/amd64/libjava.so
7f3ba22a2000-7f3ba22a3000 rw-p 00000000 00:00 0 
7f3ba22a3000-7f3ba22b0000 r-xp 00000000 08:08 669860                     /usr/lib/jvm/java-1.8.0-openjdk-1.8.0.181.b15-0.fc27.x86_64/jre/lib/amd64/libverify.so
7f3ba22b0000-7f3ba24b0000 ---p 0000d000 08:08 669860                     /usr/lib/jvm/java-1.8.0-openjdk-1.8.0.181.b15-0.fc27.x86_64/jre/lib/amd64/libverify.so
7f3ba24b0000-7f3ba24b2000 r--p 0000d000 08:08 669860                     /usr/lib/jvm/java-1.8.0-openjdk-1.8.0.181.b15-0.fc27.x86_64/jre/lib/amd64/libverify.so
7f3ba24b2000-7f3ba24b3000 rw-p 00000000 00:00 0 
7f3ba24b3000-7f3ba24ba000 r-xp 00000000 08:08 524934                     /usr/lib64/librt-2.26.so
7f3ba24ba000-7f3ba26b9000 ---p 00007000 08:08 524934                     /usr/lib64/librt-2.26.so
7f3ba26b9000-7f3ba26ba000 r--p 00006000 08:08 524934                     /usr/lib64/librt-2.26.so
7f3ba26ba000-7f3ba26bb000 rw-p 00007000 08:08 524934                     /usr/lib64/librt-2.26.so
7f3ba26bb000-7f3ba26d1000 r-xp 00000000 08:08 525369                     /usr/lib64/libgcc_s-7-20180712.so.1
7f3ba26d1000-7f3ba28d0000 ---p 00016000 08:08 525369                     /usr/lib64/libgcc_s-7-20180712.so.1
7f3ba28d0000-7f3ba28d1000 r--p 00015000 08:08 525369                     /usr/lib64/libgcc_s-7-20180712.so.1
7f3ba28d1000-7f3ba28d2000 rw-p 00016000 08:08 525369                     /usr/lib64/libgcc_s-7-20180712.so.1
7f3ba28d2000-7f3ba2a1c000 r-xp 00000000 08:08 524911                     /usr/lib64/libm-2.26.so
7f3ba2a1c000-7f3ba2c1b000 ---p 0014a000 08:08 524911                     /usr/lib64/libm-2.26.so
7f3ba2c1b000-7f3ba2c1c000 r--p 00149000 08:08 524911                     /usr/lib64/libm-2.26.so
7f3ba2c1c000-7f3ba2c1d000 rw-p 0014a000 08:08 524911                     /usr/lib64/libm-2.26.so
7f3ba2c1d000-7f3ba2d95000 r-xp 00000000 08:08 538694                     /usr/lib64/libstdc++.so.6.0.24
7f3ba2d95000-7f3ba2f95000 ---p 00178000 08:08 538694                     /usr/lib64/libstdc++.so.6.0.24
7f3ba2f95000-7f3ba2f9f000 r--p 00178000 08:08 538694                     /usr/lib64/libstdc++.so.6.0.24
7f3ba2f9f000-7f3ba2fa1000 rw-p 00182000 08:08 538694                     /usr/lib64/libstdc++.so.6.0.24
7f3ba2fa1000-7f3ba2fa5000 rw-p 00000000 00:00 0 
7f3ba2fa5000-7f3ba3d2e000 r-xp 00000000 08:08 669865                     /usr/lib/jvm/java-1.8.0-openjdk-1.8.0.181.b15-0.fc27.x86_64/jre/lib/amd64/server/libjvm.so
7f3ba3d2e000-7f3ba3f2e000 ---p 00d89000 08:08 669865                     /usr/lib/jvm/java-1.8.0-openjdk-1.8.0.181.b15-0.fc27.x86_64/jre/lib/amd64/server/libjvm.so
7f3ba3f2e000-7f3ba3fd0000 r--p 00d89000 08:08 669865                     /usr/lib/jvm/java-1.8.0-openjdk-1.8.0.181.b15-0.fc27.x86_64/jre/lib/amd64/server/libjvm.so
7f3ba3fd0000-7f3ba3ff9000 rw-p 00e2b000 08:08 669865                     /usr/lib/jvm/java-1.8.0-openjdk-1.8.0.181.b15-0.fc27.x86_64/jre/lib/amd64/server/libjvm.so
7f3ba3ff9000-7f3ba4029000 rw-p 00000000 00:00 0 
7f3ba4029000-7f3ba41d6000 r-xp 00000000 08:08 524901                     /usr/lib64/libc-2.26.so
7f3ba41d6000-7f3ba43d5000 ---p 001ad000 08:08 524901                     /usr/lib64/libc-2.26.so
7f3ba43d5000-7f3ba43d9000 r--p 001ac000 08:08 524901                     /usr/lib64/libc-2.26.so
7f3ba43d9000-7f3ba43db000 rw-p 001b0000 08:08 524901                     /usr/lib64/libc-2.26.so
7f3ba43db000-7f3ba43df000 rw-p 00000000 00:00 0 
7f3ba43df000-7f3ba43e2000 r-xp 00000000 08:08 524908                     /usr/lib64/libdl-2.26.so
7f3ba43e2000-7f3ba45e1000 ---p 00003000 08:08 524908                     /usr/lib64/libdl-2.26.so
7f3ba45e1000-7f3ba45e2000 r--p 00002000 08:08 524908                     /usr/lib64/libdl-2.26.so
7f3ba45e2000-7f3ba45e3000 rw-p 00003000 08:08 524908                     /usr/lib64/libdl-2.26.so
7f3ba45e3000-7f3ba45f1000 r-xp 00000000 08:08 1728461                    /usr/lib/jvm/java-1.8.0-openjdk-1.8.0.181.b15-0.fc27.x86_64/lib/amd64/jli/libjli.so
7f3ba45f1000-7f3ba47f0000 ---p 0000e000 08:08 1728461                    /usr/lib/jvm/java-1.8.0-openjdk-1.8.0.181.b15-0.fc27.x86_64/lib/amd64/jli/libjli.so
7f3ba47f0000-7f3ba47f1000 r--p 0000d000 08:08 1728461                    /usr/lib/jvm/java-1.8.0-openjdk-1.8.0.181.b15-0.fc27.x86_64/lib/amd64/jli/libjli.so
7f3ba47f1000-7f3ba47f2000 rw-p 00000000 00:00 0 
7f3ba47f2000-7f3ba4808000 r-xp 00000000 08:08 537441                     /usr/lib64/libz.so.1.2.11
7f3ba4808000-7f3ba4a07000 ---p 00016000 08:08 537441                     /usr/lib64/libz.so.1.2.11
7f3ba4a07000-7f3ba4a08000 r--p 00015000 08:08 537441                     /usr/lib64/libz.so.1.2.11
7f3ba4a08000-7f3ba4a09000 rw-p 00000000 00:00 0 
7f3ba4a09000-7f3ba4a22000 r-xp 00000000 08:08 524929                     /usr/lib64/libpthread-2.26.so
7f3ba4a22000-7f3ba4c21000 ---p 00019000 08:08 524929                     /usr/lib64/libpthread-2.26.so
7f3ba4c21000-7f3ba4c22000 r--p 00018000 08:08 524929                     /usr/lib64/libpthread-2.26.so
7f3ba4c22000-7f3ba4c23000 rw-p 00019000 08:08 524929                     /usr/lib64/libpthread-2.26.so
7f3ba4c23000-7f3ba4c27000 rw-p 00000000 00:00 0 
7f3ba4c27000-7f3ba4c4c000 r-xp 00000000 08:08 524889                     /usr/lib64/ld-2.26.so
7f3ba4c4e000-7f3ba4c53000 r--s 000b6000 08:08 669888                     /usr/lib/jvm/java-1.8.0-openjdk-1.8.0.181.b15-0.fc27.x86_64/jre/lib/jsse.jar
7f3ba4c53000-7f3ba4d25000 rw-p 00000000 00:00 0 
7f3ba4d25000-7f3ba4d26000 ---p 00000000 00:00 0 
7f3ba4d26000-7f3ba4d29000 ---p 00000000 00:00 0 
7f3ba4d29000-7f3ba4e2a000 rw-p 00000000 00:00 0 
7f3ba4e2c000-7f3ba4e2e000 r--s 00019000 08:08 669886                     /usr/lib/jvm/java-1.8.0-openjdk-1.8.0.181.b15-0.fc27.x86_64/jre/lib/jce.jar
7f3ba4e2e000-7f3ba4e41000 r--s 00346000 08:08 669787                     /usr/lib/jvm/java-1.8.0-openjdk-1.8.0.181.b15-0.fc27.x86_64/jre/lib/resources.jar
7f3ba4e41000-7f3ba4e49000 rw-s 00000000 00:2b 473329                     /tmp/hsperfdata_marcio/14279
7f3ba4e49000-7f3ba4e4a000 rw-p 00000000 00:00 0 
7f3ba4e4a000-7f3ba4e4b000 r--p 00000000 00:00 0 
7f3ba4e4b000-7f3ba4e4c000 r--p 00024000 08:08 524889                     /usr/lib64/ld-2.26.so
7f3ba4e4c000-7f3ba4e4d000 rw-p 00025000 08:08 524889                     /usr/lib64/ld-2.26.so
7f3ba4e4d000-7f3ba4e4e000 rw-p 00000000 00:00 0 
7fff7e6c6000-7fff7e6e7000 rw-p 00000000 00:00 0                          [stack]
7fff7e7d6000-7fff7e7d9000 r--p 00000000 00:00 0                          [vvar]
7fff7e7d9000-7fff7e7db000 r-xp 00000000 00:00 0                          [vdso]
ffffffffff600000-ffffffffff601000 r-xp 00000000 00:00 0                  [vsyscall]

VM Arguments:
jvm_args: -agentlib:jdwp=transport=dt_socket,suspend=y,address=localhost:37303 -Dfile.encoding=UTF-8 
java_command: controle.Par
java_class_path (initial): /usr/lib/jvm/java-1.8.0-openjdk-1.8.0.181.b15-0.fc27.x86_64/jre/lib/resources.jar:/usr/lib/jvm/java-1.8.0-openjdk-1.8.0.181.b15-0.fc27.x86_64/jre/lib/rt.jar:/usr/lib/jvm/java-1.8.0-openjdk-1.8.0.181.b15-0.fc27.x86_64/jre/lib/jsse.jar:/usr/lib/jvm/java-1.8.0-openjdk-1.8.0.181.b15-0.fc27.x86_64/jre/lib/jce.jar:/usr/lib/jvm/java-1.8.0-openjdk-1.8.0.181.b15-0.fc27.x86_64/jre/lib/charsets.jar:/usr/lib/jvm/java-1.8.0-openjdk-1.8.0.181.b15-0.fc27.x86_64/jre/lib/ext/sunpkcs11.jar:/usr/lib/jvm/java-1.8.0-openjdk-1.8.0.181.b15-0.fc27.x86_64/jre/lib/ext/sunjce_provider.jar:/usr/lib/jvm/java-1.8.0-openjdk-1.8.0.181.b15-0.fc27.x86_64/jre/lib/ext/nashorn.jar:/usr/lib/jvm/java-1.8.0-openjdk-1.8.0.181.b15-0.fc27.x86_64/jre/lib/ext/dnsns.jar:/usr/lib/jvm/java-1.8.0-openjdk-1.8.0.181.b15-0.fc27.x86_64/jre/lib/ext/localedata.jar:/usr/lib/jvm/java-1.8.0-openjdk-1.8.0.181.b15-0.fc27.x86_64/jre/lib/ext/jaccess.jar:/usr/lib/jvm/java-1.8.0-openjdk-1.8.0.181.b15-0.fc27.x86_64/jre/lib/ext/zipfs.jar:/usr/lib/jvm/java-1.8.0-openjdk-1.8.0.181.b15-0.fc27.x86_64/jre/lib/ext/sunec.jar:/usr/lib/jvm/java-1.8.0-openjdk-1.8.0.181.b15-0.fc27.x86_64/jre/lib/ext/cldrdata.jar:/home/marcio/workspace/cursoJava/bin
Launcher Type: SUN_STANDARD

Environment Variables:
JAVA_HOME=/usr/local/java/jdk1.8.0_181
PATH=/usr/local/bin:/usr/local/sbin:/usr/bin:/usr/sbin:/var/lib/snapd/snap/bin:/home/marcio/bin:/usr/local/java/jdk1.8.0_181/bin:/home/marcio/.local/bin:/home/marcio/bin
USERNAME=marcio
SHELL=/bin/bash
DISPLAY=:0

Signal Handlers:
SIGSEGV: [libjvm.so+0xb8abc0], sa_mask[0]=11111111011111111101111111111110, sa_flags=SA_RESTART|SA_SIGINFO
SIGBUS: [libjvm.so+0xb8abc0], sa_mask[0]=11111111011111111101111111111110, sa_flags=SA_RESTART|SA_SIGINFO
SIGFPE: [libjvm.so+0x933400], sa_mask[0]=11111111011111111101111111111110, sa_flags=SA_RESTART|SA_SIGINFO
SIGPIPE: [libjvm.so+0x933400], sa_mask[0]=11111111011111111101111111111110, sa_flags=SA_RESTART|SA_SIGINFO
SIGXFSZ: [libjvm.so+0x933400], sa_mask[0]=11111111011111111101111111111110, sa_flags=SA_RESTART|SA_SIGINFO
SIGILL: [libjvm.so+0x933400], sa_mask[0]=11111111011111111101111111111110, sa_flags=SA_RESTART|SA_SIGINFO
SIGUSR1: SIG_DFL, sa_mask[0]=00000000000000000000000000000000, sa_flags=none
SIGUSR2: [libjvm.so+0x9332b0], sa_mask[0]=00100000000000000000000000000000, sa_flags=SA_RESTART|SA_SIGINFO
SIGHUP: [libjvm.so+0x933920], sa_mask[0]=11111111011111111101111111111110, sa_flags=SA_RESTART|SA_SIGINFO
SIGINT: [libjvm.so+0x933920], sa_mask[0]=11111111011111111101111111111110, sa_flags=SA_RESTART|SA_SIGINFO
SIGTERM: [libjvm.so+0x933920], sa_mask[0]=11111111011111111101111111111110, sa_flags=SA_RESTART|SA_SIGINFO
SIGQUIT: [libjvm.so+0x933920], sa_mask[0]=11111111011111111101111111111110, sa_flags=SA_RESTART|SA_SIGINFO


---------------  S Y S T E M  ---------------

OS:Fedora release 26 (Twenty Six)

uname:Linux 4.17.19-100.fc27.x86_64 #1 SMP Fri Aug 24 15:32:56 UTC 2018 x86_64
libc:glibc 2.26 NPTL 2.26 
rlimit: STACK 8192k, CORE infinity, NPROC 30559, NOFILE 4096, AS infinity
load average:1.15 0.83 0.81

/proc/meminfo:
MemTotal:        8049788 kB
MemFree:         3528076 kB
MemAvailable:    5908792 kB
Buffers:          143216 kB
Cached:          2586000 kB
SwapCached:            0 kB
Active:          2409588 kB
Inactive:        1764192 kB
Active(anon):    1449436 kB
Inactive(anon):   191032 kB
Active(file):     960152 kB
Inactive(file):  1573160 kB
Unevictable:         100 kB
Mlocked:             100 kB
SwapTotal:       8186876 kB
SwapFree:        8186876 kB
Dirty:              2196 kB
Writeback:             0 kB
AnonPages:       1418456 kB
Mapped:           370648 kB
Shmem:            195736 kB
Slab:             195488 kB
SReclaimable:     139104 kB
SUnreclaim:        56384 kB
KernelStack:        8140 kB
PageTables:        37892 kB
NFS_Unstable:          0 kB
Bounce:                0 kB
WritebackTmp:          0 kB
CommitLimit:    12211768 kB
Committed_AS:    4630240 kB
VmallocTotal:   34359738367 kB
VmallocUsed:           0 kB
VmallocChunk:          0 kB
HardwareCorrupted:     0 kB
AnonHugePages:     12288 kB
ShmemHugePages:        0 kB
ShmemPmdMapped:        0 kB
CmaTotal:              0 kB
CmaFree:               0 kB
HugePages_Total:       0
HugePages_Free:        0
HugePages_Rsvd:        0
HugePages_Surp:        0
Hugepagesize:       2048 kB
Hugetlb:               0 kB
DirectMap4k:      261748 kB
DirectMap2M:     6961152 kB
DirectMap1G:     1048576 kB

container (cgroup) information:
container_type: cgroupv1
cpu_cpuset_cpus: 0-3
cpu_memory_nodes: 0
active_processor_count: 4
cpu_quota: -1
cpu_period: 100000
cpu_shares: -1
memory_limit_in_bytes: -1
memory_and_swap_limit_in_bytes: -1
memory_soft_limit_in_bytes: -1
memory_usage_in_bytes: 4203528192
memory_max_usage_in_bytes: 0


CPU:total 4 (initial active 4) (2 cores per cpu, 2 threads per core) family 6 model 142 stepping 9, cmov, cx8, fxsr, mmx, sse, sse2, sse3, ssse3, sse4.1, sse4.2, popcnt, avx, avx2, aes, clmul, erms, 3dnowpref, lzcnt, ht, tsc, tscinvbit, bmi1, bmi2, adx

/proc/cpuinfo:
processor	: 0
vendor_id	: GenuineIntel
cpu family	: 6
model		: 142
model name	: Intel(R) Core(TM) i5-7200U CPU @ 2.50GHz
stepping	: 9
microcode	: 0x8e
cpu MHz		: 3100.000
cache size	: 3072 KB
physical id	: 0
siblings	: 4
core id		: 0
cpu cores	: 2
apicid		: 0
initial apicid	: 0
fpu		: yes
fpu_exception	: yes
cpuid level	: 22
wp		: yes
flags		: fpu vme de pse tsc msr pae mce cx8 apic sep mtrr pge mca cmov pat pse36 clflush dts acpi mmx fxsr sse sse2 ss ht tm pbe syscall nx pdpe1gb rdtscp lm constant_tsc art arch_perfmon pebs bts rep_good nopl xtopology nonstop_tsc cpuid aperfmperf tsc_known_freq pni pclmulqdq dtes64 monitor ds_cpl vmx est tm2 ssse3 sdbg fma cx16 xtpr pdcm pcid sse4_1 sse4_2 x2apic movbe popcnt tsc_deadline_timer aes xsave avx f16c rdrand lahf_lm abm 3dnowprefetch cpuid_fault epb invpcid_single pti ssbd ibrs ibpb stibp tpr_shadow vnmi flexpriority ept vpid fsgsbase tsc_adjust bmi1 avx2 smep bmi2 erms invpcid mpx rdseed adx smap clflushopt intel_pt xsaveopt xsavec xgetbv1 xsaves dtherm ida arat pln pts hwp hwp_notify hwp_act_window hwp_epp flush_l1d
bugs		: cpu_meltdown spectre_v1 spectre_v2 spec_store_bypass l1tf
bogomips	: 5424.00
clflush size	: 64
cache_alignment	: 64
address sizes	: 39 bits physical, 48 bits virtual
power management:

processor	: 1
vendor_id	: GenuineIntel
cpu family	: 6
model		: 142
model name	: Intel(R) Core(TM) i5-7200U CPU @ 2.50GHz
stepping	: 9
microcode	: 0x8e
cpu MHz		: 3100.009
cache size	: 3072 KB
physical id	: 0
siblings	: 4
core id		: 1
cpu cores	: 2
apicid		: 2
initial apicid	: 2
fpu		: yes
fpu_exception	: yes
cpuid level	: 22
wp		: yes
flags		: fpu vme de pse tsc msr pae mce cx8 apic sep mtrr pge mca cmov pat pse36 clflush dts acpi mmx fxsr sse sse2 ss ht tm pbe syscall nx pdpe1gb rdtscp lm constant_tsc art arch_perfmon pebs bts rep_good nopl xtopology nonstop_tsc cpuid aperfmperf tsc_known_freq pni pclmulqdq dtes64 monitor ds_cpl vmx est tm2 ssse3 sdbg fma cx16 xtpr pdcm pcid sse4_1 sse4_2 x2apic movbe popcnt tsc_deadline_timer aes xsave avx f16c rdrand lahf_lm abm 3dnowprefetch cpuid_fault epb invpcid_single pti ssbd ibrs ibpb stibp tpr_shadow vnmi flexpriority ept vpid fsgsbase tsc_adjust bmi1 avx2 smep bmi2 erms invpcid mpx rdseed adx smap clflushopt intel_pt xsaveopt xsavec xgetbv1 xsaves dtherm ida arat pln pts hwp hwp_notify hwp_act_window hwp_epp flush_l1d
bugs		: cpu_meltdown spectre_v1 spectre_v2 spec_store_bypass l1tf
bogomips	: 5424.00
clflush size	: 64
cache_alignment	: 64
address sizes	: 39 bits physical, 48 bits virtual
power management:

processor	: 2
vendor_id	: GenuineIntel
cpu family	: 6
model		: 142
model name	: Intel(R) Core(TM) i5-7200U CPU @ 2.50GHz
stepping	: 9
microcode	: 0x8e
cpu MHz		: 3100.000
cache size	: 3072 KB
physical id	: 0
siblings	: 4
core id		: 0
cpu cores	: 2
apicid		: 1
initial apicid	: 1
fpu		: yes
fpu_exception	: yes
cpuid level	: 22
wp		: yes
flags		: fpu vme de pse tsc msr pae mce cx8 apic sep mtrr pge mca cmov pat pse36 clflush dts acpi mmx fxsr sse sse2 ss ht tm pbe syscall nx pdpe1gb rdtscp lm constant_tsc art arch_perfmon pebs bts rep_good nopl xtopology nonstop_tsc cpuid aperfmperf tsc_known_freq pni pclmulqdq dtes64 monitor ds_cpl vmx est tm2 ssse3 sdbg fma cx16 xtpr pdcm pcid sse4_1 sse4_2 x2apic movbe popcnt tsc_deadline_timer aes xsave avx f16c rdrand lahf_lm abm 3dnowprefetch cpuid_fault epb invpcid_single pti ssbd ibrs ibpb stibp tpr_shadow vnmi flexpriority ept vpid fsgsbase tsc_adjust bmi1 avx2 smep bmi2 erms invpcid mpx rdseed adx smap clflushopt intel_pt xsaveopt xsavec xgetbv1 xsaves dtherm ida arat pln pts hwp hwp_notify hwp_act_window hwp_epp flush_l1d
bugs		: cpu_meltdown spectre_v1 spectre_v2 spec_store_bypass l1tf
bogomips	: 5424.00
clflush size	: 64
cache_alignment	: 64
address sizes	: 39 bits physical, 48 bits virtual
power management:

processor	: 3
vendor_id	: GenuineIntel
cpu family	: 6
model		: 142
model name	: Intel(R) Core(TM) i5-7200U CPU @ 2.50GHz
stepping	: 9
microcode	: 0x8e
cpu MHz		: 3100.002
cache size	: 3072 KB
physical id	: 0
siblings	: 4
core id		: 1
cpu cores	: 2
apicid		: 3
initial apicid	: 3
fpu		: yes
fpu_exception	: yes
cpuid level	: 22
wp		: yes
flags		: fpu vme de pse tsc msr pae mce cx8 apic sep mtrr pge mca cmov pat pse36 clflush dts acpi mmx fxsr sse sse2 ss ht tm pbe syscall nx pdpe1gb rdtscp lm constant_tsc art arch_perfmon pebs bts rep_good nopl xtopology nonstop_tsc cpuid aperfmperf tsc_known_freq pni pclmulqdq dtes64 monitor ds_cpl vmx est tm2 ssse3 sdbg fma cx16 xtpr pdcm pcid sse4_1 sse4_2 x2apic movbe popcnt tsc_deadline_timer aes xsave avx f16c rdrand lahf_lm abm 3dnowprefetch cpuid_fault epb invpcid_single pti ssbd ibrs ibpb stibp tpr_shadow vnmi flexpriority ept vpid fsgsbase tsc_adjust bmi1 avx2 smep bmi2 erms invpcid mpx rdseed adx smap clflushopt intel_pt xsaveopt xsavec xgetbv1 xsaves dtherm ida arat pln pts hwp hwp_notify hwp_act_window hwp_epp flush_l1d
bugs		: cpu_meltdown spectre_v1 spectre_v2 spec_store_bypass l1tf
bogomips	: 5424.00
clflush size	: 64
cache_alignment	: 64
address sizes	: 39 bits physical, 48 bits virtual
power management:



Memory: 4k page, physical 8049788k(3886716k free), swap 8186876k(8186876k free)

vm_info: OpenJDK 64-Bit Server VM (25.181-b15) for linux-amd64 JRE (1.8.0_181-b15), built on Sep  5 2018 13:33:13 by "mockbuild" with gcc 7.3.1 20180712 (Red Hat 7.3.1-6)

time: Wed Nov 14 19:29:15 2018
elapsed time: 5966 seconds (0d 1h 39m 26s)

